2025-12-21T06:33:32.781Z [INFO]: 🚀 Leads Backend running on port 3002
2025-12-21T06:33:32.782Z [INFO]: 📊 Database: Not configured
2025-12-21T06:33:32.782Z [INFO]: 💬 Socket.io initialized
[AutomationEngine] Loaded 0 active rules
[WebhookService] Loaded 0 active webhooks
[EmailAutomation] Cron job scheduled (every 5 minutes)
2025-12-21T06:33:56.633Z [INFO]: GET /api/hunter/knowledge/stats 
❌ No token provided for: /knowledge/stats
2025-12-21T06:34:09.225Z [INFO]: GET /api/settings/public 
Fetching public settings...
2025-12-21T06:34:09.252Z [INFO]: GET /api/notifications 
2025-12-21T06:34:09.268Z [INFO]: GET /api/notifications/unread-count 
2025-12-21T06:34:09.292Z [INFO]: GET /api/chat/conversations 
2025-12-21T06:34:09.296Z [INFO]: GET /api/leads 
2025-12-21T06:34:09.300Z [INFO]: GET /api/tasks 
2025-12-21T06:34:09.301Z [INFO]: GET /api/settings/lead-statuses 
Query result: [
  {
    demo_url: 'https://noahpro.es/crm/login',
    chat_title: 'Soporte NoahPro',
    chat_welcome_message: '¡Hola! ¿En qué podemos ayudarte hoy?',
    chat_primary_color: '#e74f0d',
    chat_enabled: true,
    pusher_key: '0815d25ee2bae406d7d9',
    pusher_cluster: 'eu',
    pusher_app_id: '2086108'
  }
]
Returning settings: {
  demo_url: 'https://noahpro.es/crm/login',
  chat_title: 'Soporte NoahPro',
  chat_welcome_message: '¡Hola! ¿En qué podemos ayudarte hoy?',
  chat_primary_color: '#e74f0d',
  chat_enabled: true,
  pusher_key: '0815d25ee2bae406d7d9',
  pusher_cluster: 'eu',
  pusher_app_id: '2086108'
}
2025-12-21T06:34:09.313Z [INFO]: GET /api/calendar/events 
2025-12-21T06:34:09.314Z [INFO]: GET /api/chat/conversations 
2025-12-21T06:34:09.318Z [INFO]: GET /api/settings/public 
Fetching public settings...
2025-12-21T06:34:09.318Z [INFO]: GET /api/notifications/unread-count 
Query result: [
  {
    demo_url: 'https://noahpro.es/crm/login',
    chat_title: 'Soporte NoahPro',
    chat_welcome_message: '¡Hola! ¿En qué podemos ayudarte hoy?',
    chat_primary_color: '#e74f0d',
    chat_enabled: true,
    pusher_key: '0815d25ee2bae406d7d9',
    pusher_cluster: 'eu',
    pusher_app_id: '2086108'
  }
]
Returning settings: {
  demo_url: 'https://noahpro.es/crm/login',
  chat_title: 'Soporte NoahPro',
  chat_welcome_message: '¡Hola! ¿En qué podemos ayudarte hoy?',
  chat_primary_color: '#e74f0d',
  chat_enabled: true,
  pusher_key: '0815d25ee2bae406d7d9',
  pusher_cluster: 'eu',
  pusher_app_id: '2086108'
}
2025-12-21T06:34:09.326Z [INFO]: GET /api/notifications 
2025-12-21T06:34:09.326Z [INFO]: GET /api/settings/lead-statuses 
2025-12-21T06:34:09.328Z [INFO]: GET /api/calendar/events 
2025-12-21T06:34:09.331Z [INFO]: GET /api/tasks 
2025-12-21T06:34:09.333Z [INFO]: GET /api/leads 
2025-12-21T06:34:09.346Z [INFO]: GET /api/leads 
2025-12-21T06:34:09.351Z [INFO]: GET /api/leads 
2025-12-21T06:34:09.361Z [INFO]: GET /api/activities 
2025-12-21T06:34:09.368Z [INFO]: GET /api/activities 
2025-12-21T06:34:11.076Z [INFO]: GET /api/clients 
2025-12-21T06:34:11.081Z [INFO]: GET /api/clients 
2025-12-21T06:34:12.115Z [INFO]: GET /api/hunter/brain/stats 
2025-12-21T06:34:12.117Z [INFO]: GET /api/brain/prompts 
2025-12-21T06:34:12.117Z [INFO]: GET /api/hunter/prospects 
2025-12-21T06:34:12.120Z [INFO]: GET /api/brain/prompts 
2025-12-21T06:34:12.123Z [INFO]: GET /api/hunter/brain/stats 
2025-12-21T06:34:12.126Z [INFO]: GET /api/hunter/prospects 
2025-12-21T06:34:12.128Z [INFO]: GET /api/hunter/knowledge/stats 
2025-12-21T06:34:12.132Z [INFO]: GET /api/hunter/knowledge/stats 
2025-12-21T06:34:13.118Z [INFO]: GET /api/hunter/access 
2025-12-21T06:34:13.119Z [INFO]: GET /api/hunter/stats 
2025-12-21T06:34:13.121Z [INFO]: GET /api/hunter/searches 
[Searches] Fetching history for userId: 4
2025-12-21T06:34:13.122Z [INFO]: GET /api/hunter-strategies 
2025-12-21T06:34:13.123Z [INFO]: GET /api/hunter/access 
2025-12-21T06:34:13.124Z [INFO]: GET /api/business-types 
[Searches] Found 5 entries
2025-12-21T06:34:13.127Z [INFO]: GET /api/hunter/searches 
[Searches] Fetching history for userId: 4
2025-12-21T06:34:13.127Z [INFO]: GET /api/hunter-strategies 
[Searches] Found 5 entries
2025-12-21T06:34:13.129Z [INFO]: GET /api/business-types 
2025-12-21T06:34:13.130Z [INFO]: GET /api/hunter/stats 
2025-12-21T06:34:13.147Z [INFO]: GET /api/hunter/access 
2025-12-21T06:34:13.151Z [INFO]: GET /api/hunter/stats 
2025-12-21T06:34:13.151Z [INFO]: GET /api/business-types 
2025-12-21T06:34:13.152Z [INFO]: GET /api/hunter/searches 
[Searches] Fetching history for userId: 4
2025-12-21T06:34:13.152Z [INFO]: GET /api/hunter-strategies 
[Searches] Found 5 entries
2025-12-21T06:34:16.764Z [INFO]: GET /api/hunter/prospects 
2025-12-21T06:34:17.605Z [INFO]: GET /api/hunter/searches/22/prospects 
2025-12-21T06:35:54.629Z [INFO]: GET /api/settings/public 
Fetching public settings...
Query result: [
  {
    demo_url: 'https://noahpro.es/crm/login',
    chat_title: 'Soporte NoahPro',
    chat_welcome_message: '¡Hola! ¿En qué podemos ayudarte hoy?',
    chat_primary_color: '#e74f0d',
    chat_enabled: true,
    pusher_key: '0815d25ee2bae406d7d9',
    pusher_cluster: 'eu',
    pusher_app_id: '2086108'
  }
]
Returning settings: {
  demo_url: 'https://noahpro.es/crm/login',
  chat_title: 'Soporte NoahPro',
  chat_welcome_message: '¡Hola! ¿En qué podemos ayudarte hoy?',
  chat_primary_color: '#e74f0d',
  chat_enabled: true,
  pusher_key: '0815d25ee2bae406d7d9',
  pusher_cluster: 'eu',
  pusher_app_id: '2086108'
}
2025-12-21T06:35:54.649Z [INFO]: GET /api/settings/public 
Fetching public settings...
Query result: [
  {
    demo_url: 'https://noahpro.es/crm/login',
    chat_title: 'Soporte NoahPro',
    chat_welcome_message: '¡Hola! ¿En qué podemos ayudarte hoy?',
    chat_primary_color: '#e74f0d',
    chat_enabled: true,
    pusher_key: '0815d25ee2bae406d7d9',
    pusher_cluster: 'eu',
    pusher_app_id: '2086108'
  }
]
Returning settings: {
  demo_url: 'https://noahpro.es/crm/login',
  chat_title: 'Soporte NoahPro',
  chat_welcome_message: '¡Hola! ¿En qué podemos ayudarte hoy?',
  chat_primary_color: '#e74f0d',
  chat_enabled: true,
  pusher_key: '0815d25ee2bae406d7d9',
  pusher_cluster: 'eu',
  pusher_app_id: '2086108'
}
2025-12-21T06:35:54.673Z [INFO]: GET /api/notifications 
2025-12-21T06:35:54.674Z [INFO]: GET /api/notifications/unread-count 
2025-12-21T06:35:54.675Z [INFO]: GET /api/chat/conversations 
2025-12-21T06:35:54.676Z [INFO]: GET /api/leads 
2025-12-21T06:35:54.680Z [INFO]: GET /api/tasks 
2025-12-21T06:35:54.680Z [INFO]: GET /api/chat/conversations 
2025-12-21T06:35:54.682Z [INFO]: GET /api/settings/lead-statuses 
2025-12-21T06:35:54.683Z [INFO]: GET /api/notifications 
2025-12-21T06:35:54.687Z [INFO]: GET /api/notifications/unread-count 
2025-12-21T06:35:54.691Z [INFO]: GET /api/calendar/events 
2025-12-21T06:35:54.694Z [INFO]: GET /api/tasks 
2025-12-21T06:35:54.694Z [INFO]: GET /api/settings/lead-statuses 
2025-12-21T06:35:54.695Z [INFO]: GET /api/calendar/events 
2025-12-21T06:35:54.697Z [INFO]: GET /api/leads 
2025-12-21T06:35:54.698Z [INFO]: GET /api/leads 
2025-12-21T06:35:54.700Z [INFO]: GET /api/leads 
2025-12-21T06:35:54.761Z [INFO]: GET /api/activities 
2025-12-21T06:35:54.766Z [INFO]: GET /api/activities 
2025-12-21T06:35:56.424Z [INFO]: GET /api/hunter/access 
2025-12-21T06:35:56.425Z [INFO]: GET /api/business-types 
2025-12-21T06:35:56.426Z [INFO]: GET /api/hunter/searches 
[Searches] Fetching history for userId: 4
2025-12-21T06:35:56.426Z [INFO]: GET /api/hunter-strategies 
2025-12-21T06:35:56.426Z [INFO]: GET /api/hunter/stats 
2025-12-21T06:35:56.427Z [INFO]: GET /api/hunter/access 
[Searches] Found 5 entries
2025-12-21T06:35:56.431Z [INFO]: GET /api/hunter/searches 
[Searches] Fetching history for userId: 4
[Searches] Found 5 entries
2025-12-21T06:35:56.433Z [INFO]: GET /api/hunter-strategies 
2025-12-21T06:35:56.433Z [INFO]: GET /api/business-types 
2025-12-21T06:35:56.441Z [INFO]: GET /api/hunter/stats 
2025-12-21T06:35:56.457Z [INFO]: GET /api/hunter/access 
2025-12-21T06:35:56.458Z [INFO]: GET /api/hunter/stats 
2025-12-21T06:35:56.462Z [INFO]: GET /api/business-types 
2025-12-21T06:35:56.463Z [INFO]: GET /api/hunter/searches 
[Searches] Fetching history for userId: 4
2025-12-21T06:35:56.464Z [INFO]: GET /api/hunter-strategies 
[Searches] Found 5 entries
2025-12-21T06:35:58.006Z [INFO]: GET /api/settings 
2025-12-21T06:35:58.012Z [INFO]: GET /api/settings 
2025-12-21T06:36:00.345Z [INFO]: GET /api/business-types 
2025-12-21T06:36:00.351Z [INFO]: GET /api/business-types 
2025-12-21T06:36:01.176Z [INFO]: GET /api/hunter-strategies 
2025-12-21T06:36:01.182Z [INFO]: GET /api/hunter-strategies 
2025-12-21T06:36:01.884Z [INFO]: GET /api/hunter/brain/stats 
2025-12-21T06:36:01.885Z [INFO]: GET /api/hunter/prospects 
2025-12-21T06:36:01.887Z [INFO]: GET /api/brain/prompts 
2025-12-21T06:36:01.890Z [INFO]: GET /api/hunter/brain/stats 
2025-12-21T06:36:01.899Z [INFO]: GET /api/brain/prompts 
2025-12-21T06:36:01.907Z [INFO]: GET /api/hunter/prospects 
2025-12-21T06:36:01.910Z [INFO]: GET /api/hunter/knowledge/stats 
2025-12-21T06:36:01.913Z [INFO]: GET /api/hunter/knowledge/stats 
2025-12-21T06:37:40.923Z [INFO]: PUT /api/brain/prompts/1/activate 
2025-12-21T06:37:40.949Z [INFO]: GET /api/brain/prompts 
2025-12-21T06:37:43.870Z [INFO]: PUT /api/brain/prompts/2/activate 
2025-12-21T06:37:43.881Z [INFO]: GET /api/brain/prompts 
2025-12-21T06:37:52.319Z [INFO]: PUT /api/brain/prompts/1/activate 
2025-12-21T06:37:52.330Z [INFO]: GET /api/brain/prompts 
