2025-12-18T21:45:37.643Z [INFO]: 🚀 Leads Backend running on port 3002
2025-12-18T21:45:37.645Z [INFO]: 📊 Database: Not configured
2025-12-18T21:45:37.646Z [INFO]: 💬 Socket.io initialized
[AutomationEngine] Loaded 0 active rules
[WebhookService] Loaded 0 active webhooks
[EmailAutomation] Cron job scheduled (every 5 minutes)
2025-12-18T21:45:47.998Z [INFO]: GET /api/business-types 
Error de autenticación: JsonWebTokenError: invalid signature
    at /Users/cex/Desktop/Crm App Tpv/backend/node_modules/jsonwebtoken/verify.js:171:19
    at getSecret (/Users/cex/Desktop/Crm App Tpv/backend/node_modules/jsonwebtoken/verify.js:97:14)
    at module.exports [as verify] (/Users/cex/Desktop/Crm App Tpv/backend/node_modules/jsonwebtoken/verify.js:101:10)
    at protect (/Users/cex/Desktop/Crm App Tpv/backend/middleware/authMiddleware.js:17:33)
    at Layer.handle [as handle_request] (/Users/cex/Desktop/Crm App Tpv/backend/node_modules/express/lib/router/layer.js:95:5)
    at trim_prefix (/Users/cex/Desktop/Crm App Tpv/backend/node_modules/express/lib/router/index.js:328:13)
    at /Users/cex/Desktop/Crm App Tpv/backend/node_modules/express/lib/router/index.js:286:9
    at Function.process_params (/Users/cex/Desktop/Crm App Tpv/backend/node_modules/express/lib/router/index.js:346:12)
    at next (/Users/cex/Desktop/Crm App Tpv/backend/node_modules/express/lib/router/index.js:280:10)
    at Function.handle (/Users/cex/Desktop/Crm App Tpv/backend/node_modules/express/lib/router/index.js:175:3)
2025-12-18T21:45:48.008Z [INFO]: GET /api/business-types 
Error de autenticación: JsonWebTokenError: invalid signature
    at /Users/cex/Desktop/Crm App Tpv/backend/node_modules/jsonwebtoken/verify.js:171:19
    at getSecret (/Users/cex/Desktop/Crm App Tpv/backend/node_modules/jsonwebtoken/verify.js:97:14)
    at module.exports [as verify] (/Users/cex/Desktop/Crm App Tpv/backend/node_modules/jsonwebtoken/verify.js:101:10)
    at protect (/Users/cex/Desktop/Crm App Tpv/backend/middleware/authMiddleware.js:17:33)
    at Layer.handle [as handle_request] (/Users/cex/Desktop/Crm App Tpv/backend/node_modules/express/lib/router/layer.js:95:5)
    at trim_prefix (/Users/cex/Desktop/Crm App Tpv/backend/node_modules/express/lib/router/index.js:328:13)
    at /Users/cex/Desktop/Crm App Tpv/backend/node_modules/express/lib/router/index.js:286:9
    at Function.process_params (/Users/cex/Desktop/Crm App Tpv/backend/node_modules/express/lib/router/index.js:346:12)
    at next (/Users/cex/Desktop/Crm App Tpv/backend/node_modules/express/lib/router/index.js:280:10)
    at Function.handle (/Users/cex/Desktop/Crm App Tpv/backend/node_modules/express/lib/router/index.js:175:3)
2025-12-18T21:45:51.544Z [INFO]: GET /api/business-types 
2025-12-18T21:49:45.392Z [INFO]: GET /api/settings/public 
Fetching public settings...
Query result: [
  {
    demo_url: 'https://noahpro.es/crm/login',
    chat_title: 'Soporte NoahPro',
    chat_welcome_message: '¡Hola! ¿En qué podemos ayudarte hoy?',
    chat_primary_color: '#e74f0d',
    chat_enabled: true,
    pusher_key: '0815d25ee2bae406d7d9',
    pusher_cluster: 'eu',
    pusher_app_id: '2086108'
  }
]
Returning settings: {
  demo_url: 'https://noahpro.es/crm/login',
  chat_title: 'Soporte NoahPro',
  chat_welcome_message: '¡Hola! ¿En qué podemos ayudarte hoy?',
  chat_primary_color: '#e74f0d',
  chat_enabled: true,
  pusher_key: '0815d25ee2bae406d7d9',
  pusher_cluster: 'eu',
  pusher_app_id: '2086108'
}
2025-12-18T21:49:45.500Z [INFO]: GET /api/notifications 
2025-12-18T21:49:45.522Z [INFO]: GET /api/notifications/unread-count 
2025-12-18T21:49:45.566Z [INFO]: GET /api/chat/conversations 
2025-12-18T21:49:45.573Z [INFO]: GET /api/settings/public 
Fetching public settings...
2025-12-18T21:49:45.603Z [INFO]: GET /api/calendar/events 
2025-12-18T21:49:45.611Z [INFO]: GET /api/tasks 
2025-12-18T21:49:45.611Z [INFO]: GET /api/leads 
2025-12-18T21:49:45.614Z [INFO]: GET /api/settings/public 
Fetching public settings...
2025-12-18T21:49:45.614Z [INFO]: GET /api/settings/lead-statuses 
2025-12-18T21:49:45.636Z [INFO]: POST /api/analytics/track 
2025-12-18T21:49:45.640Z [INFO]: POST /api/analytics/track 
2025-12-18T21:49:45.642Z [INFO]: GET /api/chat/conversations/faba36e2-98cc-4fe3-907d-3343d239d9f3/messages 
2025-12-18T21:49:45.646Z [INFO]: GET /api/chat/conversations/faba36e2-98cc-4fe3-907d-3343d239d9f3/messages 
2025-12-18T21:49:45.650Z [INFO]: GET /api/chat/conversations 
2025-12-18T21:49:45.654Z [INFO]: GET /api/notifications 
2025-12-18T21:49:45.659Z [INFO]: GET /api/calendar/events 
Query result: [
  {
    demo_url: 'https://noahpro.es/crm/login',
    chat_title: 'Soporte NoahPro',
    chat_welcome_message: '¡Hola! ¿En qué podemos ayudarte hoy?',
    chat_primary_color: '#e74f0d',
    chat_enabled: true,
    pusher_key: '0815d25ee2bae406d7d9',
    pusher_cluster: 'eu',
    pusher_app_id: '2086108'
  }
]
Returning settings: {
  demo_url: 'https://noahpro.es/crm/login',
  chat_title: 'Soporte NoahPro',
  chat_welcome_message: '¡Hola! ¿En qué podemos ayudarte hoy?',
  chat_primary_color: '#e74f0d',
  chat_enabled: true,
  pusher_key: '0815d25ee2bae406d7d9',
  pusher_cluster: 'eu',
  pusher_app_id: '2086108'
}
2025-12-18T21:49:45.663Z [INFO]: GET /api/notifications/unread-count 
Query result: [
  {
    demo_url: 'https://noahpro.es/crm/login',
    chat_title: 'Soporte NoahPro',
    chat_welcome_message: '¡Hola! ¿En qué podemos ayudarte hoy?',
    chat_primary_color: '#e74f0d',
    chat_enabled: true,
    pusher_key: '0815d25ee2bae406d7d9',
    pusher_cluster: 'eu',
    pusher_app_id: '2086108'
  }
]
Returning settings: {
  demo_url: 'https://noahpro.es/crm/login',
  chat_title: 'Soporte NoahPro',
  chat_welcome_message: '¡Hola! ¿En qué podemos ayudarte hoy?',
  chat_primary_color: '#e74f0d',
  chat_enabled: true,
  pusher_key: '0815d25ee2bae406d7d9',
  pusher_cluster: 'eu',
  pusher_app_id: '2086108'
}
2025-12-18T21:49:45.675Z [INFO]: GET /api/settings/public 
Fetching public settings...
2025-12-18T21:49:45.676Z [INFO]: GET /api/settings/lead-statuses 
Query result: [
  {
    demo_url: 'https://noahpro.es/crm/login',
    chat_title: 'Soporte NoahPro',
    chat_welcome_message: '¡Hola! ¿En qué podemos ayudarte hoy?',
    chat_primary_color: '#e74f0d',
    chat_enabled: true,
    pusher_key: '0815d25ee2bae406d7d9',
    pusher_cluster: 'eu',
    pusher_app_id: '2086108'
  }
]
Returning settings: {
  demo_url: 'https://noahpro.es/crm/login',
  chat_title: 'Soporte NoahPro',
  chat_welcome_message: '¡Hola! ¿En qué podemos ayudarte hoy?',
  chat_primary_color: '#e74f0d',
  chat_enabled: true,
  pusher_key: '0815d25ee2bae406d7d9',
  pusher_cluster: 'eu',
  pusher_app_id: '2086108'
}
2025-12-18T21:49:45.680Z [INFO]: GET /api/tasks 
2025-12-18T21:49:45.680Z [INFO]: GET /api/settings/public 
Fetching public settings...
Query result: [
  {
    demo_url: 'https://noahpro.es/crm/login',
    chat_title: 'Soporte NoahPro',
    chat_welcome_message: '¡Hola! ¿En qué podemos ayudarte hoy?',
    chat_primary_color: '#e74f0d',
    chat_enabled: true,
    pusher_key: '0815d25ee2bae406d7d9',
    pusher_cluster: 'eu',
    pusher_app_id: '2086108'
  }
]
Returning settings: {
  demo_url: 'https://noahpro.es/crm/login',
  chat_title: 'Soporte NoahPro',
  chat_welcome_message: '¡Hola! ¿En qué podemos ayudarte hoy?',
  chat_primary_color: '#e74f0d',
  chat_enabled: true,
  pusher_key: '0815d25ee2bae406d7d9',
  pusher_cluster: 'eu',
  pusher_app_id: '2086108'
}
2025-12-18T21:49:45.684Z [INFO]: GET /api/settings/public 
Fetching public settings...
Query result: [
  {
    demo_url: 'https://noahpro.es/crm/login',
    chat_title: 'Soporte NoahPro',
    chat_welcome_message: '¡Hola! ¿En qué podemos ayudarte hoy?',
    chat_primary_color: '#e74f0d',
    chat_enabled: true,
    pusher_key: '0815d25ee2bae406d7d9',
    pusher_cluster: 'eu',
    pusher_app_id: '2086108'
  }
]
Returning settings: {
  demo_url: 'https://noahpro.es/crm/login',
  chat_title: 'Soporte NoahPro',
  chat_welcome_message: '¡Hola! ¿En qué podemos ayudarte hoy?',
  chat_primary_color: '#e74f0d',
  chat_enabled: true,
  pusher_key: '0815d25ee2bae406d7d9',
  pusher_cluster: 'eu',
  pusher_app_id: '2086108'
}
2025-12-18T21:49:45.691Z [INFO]: GET /api/settings/public 
Fetching public settings...
Query result: [
  {
    demo_url: 'https://noahpro.es/crm/login',
    chat_title: 'Soporte NoahPro',
    chat_welcome_message: '¡Hola! ¿En qué podemos ayudarte hoy?',
    chat_primary_color: '#e74f0d',
    chat_enabled: true,
    pusher_key: '0815d25ee2bae406d7d9',
    pusher_cluster: 'eu',
    pusher_app_id: '2086108'
  }
]
Returning settings: {
  demo_url: 'https://noahpro.es/crm/login',
  chat_title: 'Soporte NoahPro',
  chat_welcome_message: '¡Hola! ¿En qué podemos ayudarte hoy?',
  chat_primary_color: '#e74f0d',
  chat_enabled: true,
  pusher_key: '0815d25ee2bae406d7d9',
  pusher_cluster: 'eu',
  pusher_app_id: '2086108'
}
2025-12-18T21:49:45.694Z [INFO]: GET /api/settings/public 
Fetching public settings...
Query result: [
  {
    demo_url: 'https://noahpro.es/crm/login',
    chat_title: 'Soporte NoahPro',
    chat_welcome_message: '¡Hola! ¿En qué podemos ayudarte hoy?',
    chat_primary_color: '#e74f0d',
    chat_enabled: true,
    pusher_key: '0815d25ee2bae406d7d9',
    pusher_cluster: 'eu',
    pusher_app_id: '2086108'
  }
]
Returning settings: {
  demo_url: 'https://noahpro.es/crm/login',
  chat_title: 'Soporte NoahPro',
  chat_welcome_message: '¡Hola! ¿En qué podemos ayudarte hoy?',
  chat_primary_color: '#e74f0d',
  chat_enabled: true,
  pusher_key: '0815d25ee2bae406d7d9',
  pusher_cluster: 'eu',
  pusher_app_id: '2086108'
}
2025-12-18T21:49:45.698Z [INFO]: GET /api/leads 
2025-12-18T21:49:45.700Z [INFO]: GET /api/leads 
2025-12-18T21:49:45.704Z [INFO]: GET /api/leads 
2025-12-18T21:50:19.711Z [INFO]: GET /api/settings/public 
Fetching public settings...
Query result: [
  {
    demo_url: 'https://noahpro.es/crm/login',
    chat_title: 'Soporte NoahPro',
    chat_welcome_message: '¡Hola! ¿En qué podemos ayudarte hoy?',
    chat_primary_color: '#e74f0d',
    chat_enabled: true,
    pusher_key: '0815d25ee2bae406d7d9',
    pusher_cluster: 'eu',
    pusher_app_id: '2086108'
  }
]
Returning settings: {
  demo_url: 'https://noahpro.es/crm/login',
  chat_title: 'Soporte NoahPro',
  chat_welcome_message: '¡Hola! ¿En qué podemos ayudarte hoy?',
  chat_primary_color: '#e74f0d',
  chat_enabled: true,
  pusher_key: '0815d25ee2bae406d7d9',
  pusher_cluster: 'eu',
  pusher_app_id: '2086108'
}
2025-12-18T21:50:19.740Z [INFO]: GET /api/settings/public 
Fetching public settings...
Query result: [
  {
    demo_url: 'https://noahpro.es/crm/login',
    chat_title: 'Soporte NoahPro',
    chat_welcome_message: '¡Hola! ¿En qué podemos ayudarte hoy?',
    chat_primary_color: '#e74f0d',
    chat_enabled: true,
    pusher_key: '0815d25ee2bae406d7d9',
    pusher_cluster: 'eu',
    pusher_app_id: '2086108'
  }
]
Returning settings: {
  demo_url: 'https://noahpro.es/crm/login',
  chat_title: 'Soporte NoahPro',
  chat_welcome_message: '¡Hola! ¿En qué podemos ayudarte hoy?',
  chat_primary_color: '#e74f0d',
  chat_enabled: true,
  pusher_key: '0815d25ee2bae406d7d9',
  pusher_cluster: 'eu',
  pusher_app_id: '2086108'
}
2025-12-18T21:50:19.759Z [INFO]: POST /api/analytics/track 
2025-12-18T21:50:19.760Z [INFO]: GET /api/settings/public 
Fetching public settings...
2025-12-18T21:50:19.762Z [INFO]: POST /api/analytics/track 
2025-12-18T21:50:19.763Z [INFO]: GET /api/chat/conversations/faba36e2-98cc-4fe3-907d-3343d239d9f3/messages 
2025-12-18T21:50:19.766Z [INFO]: GET /api/chat/conversations/faba36e2-98cc-4fe3-907d-3343d239d9f3/messages 
Query result: [
  {
    demo_url: 'https://noahpro.es/crm/login',
    chat_title: 'Soporte NoahPro',
    chat_welcome_message: '¡Hola! ¿En qué podemos ayudarte hoy?',
    chat_primary_color: '#e74f0d',
    chat_enabled: true,
    pusher_key: '0815d25ee2bae406d7d9',
    pusher_cluster: 'eu',
    pusher_app_id: '2086108'
  }
]
Returning settings: {
  demo_url: 'https://noahpro.es/crm/login',
  chat_title: 'Soporte NoahPro',
  chat_welcome_message: '¡Hola! ¿En qué podemos ayudarte hoy?',
  chat_primary_color: '#e74f0d',
  chat_enabled: true,
  pusher_key: '0815d25ee2bae406d7d9',
  pusher_cluster: 'eu',
  pusher_app_id: '2086108'
}
2025-12-18T21:50:19.787Z [INFO]: GET /api/settings/public 
Fetching public settings...
Query result: [
  {
    demo_url: 'https://noahpro.es/crm/login',
    chat_title: 'Soporte NoahPro',
    chat_welcome_message: '¡Hola! ¿En qué podemos ayudarte hoy?',
    chat_primary_color: '#e74f0d',
    chat_enabled: true,
    pusher_key: '0815d25ee2bae406d7d9',
    pusher_cluster: 'eu',
    pusher_app_id: '2086108'
  }
]
Returning settings: {
  demo_url: 'https://noahpro.es/crm/login',
  chat_title: 'Soporte NoahPro',
  chat_welcome_message: '¡Hola! ¿En qué podemos ayudarte hoy?',
  chat_primary_color: '#e74f0d',
  chat_enabled: true,
  pusher_key: '0815d25ee2bae406d7d9',
  pusher_cluster: 'eu',
  pusher_app_id: '2086108'
}
2025-12-18T21:50:19.792Z [INFO]: GET /api/settings/public 
Fetching public settings...
Query result: [
  {
    demo_url: 'https://noahpro.es/crm/login',
    chat_title: 'Soporte NoahPro',
    chat_welcome_message: '¡Hola! ¿En qué podemos ayudarte hoy?',
    chat_primary_color: '#e74f0d',
    chat_enabled: true,
    pusher_key: '0815d25ee2bae406d7d9',
    pusher_cluster: 'eu',
    pusher_app_id: '2086108'
  }
]
Returning settings: {
  demo_url: 'https://noahpro.es/crm/login',
  chat_title: 'Soporte NoahPro',
  chat_welcome_message: '¡Hola! ¿En qué podemos ayudarte hoy?',
  chat_primary_color: '#e74f0d',
  chat_enabled: true,
  pusher_key: '0815d25ee2bae406d7d9',
  pusher_cluster: 'eu',
  pusher_app_id: '2086108'
}
2025-12-18T21:50:19.797Z [INFO]: GET /api/settings/public 
Fetching public settings...
Query result: [
  {
    demo_url: 'https://noahpro.es/crm/login',
    chat_title: 'Soporte NoahPro',
    chat_welcome_message: '¡Hola! ¿En qué podemos ayudarte hoy?',
    chat_primary_color: '#e74f0d',
    chat_enabled: true,
    pusher_key: '0815d25ee2bae406d7d9',
    pusher_cluster: 'eu',
    pusher_app_id: '2086108'
  }
]
Returning settings: {
  demo_url: 'https://noahpro.es/crm/login',
  chat_title: 'Soporte NoahPro',
  chat_welcome_message: '¡Hola! ¿En qué podemos ayudarte hoy?',
  chat_primary_color: '#e74f0d',
  chat_enabled: true,
  pusher_key: '0815d25ee2bae406d7d9',
  pusher_cluster: 'eu',
  pusher_app_id: '2086108'
}
2025-12-18T21:50:28.529Z [INFO]: GET /api/hunter/access 
2025-12-18T21:50:28.531Z [INFO]: GET /api/hunter/prospects 
2025-12-18T21:50:28.532Z [INFO]: GET /api/hunter/stats 
2025-12-18T21:50:28.535Z [INFO]: GET /api/business-types 
2025-12-18T21:50:28.545Z [INFO]: GET /api/hunter/stats 
2025-12-18T21:50:28.550Z [INFO]: GET /api/hunter/prospects 
2025-12-18T21:50:28.570Z [INFO]: GET /api/business-types 
2025-12-18T21:50:28.576Z [INFO]: GET /api/hunter/access 
2025-12-18T21:50:33.359Z [INFO]: GET /api/settings/public 
Fetching public settings...
Query result: [
  {
    demo_url: 'https://noahpro.es/crm/login',
    chat_title: 'Soporte NoahPro',
    chat_welcome_message: '¡Hola! ¿En qué podemos ayudarte hoy?',
    chat_primary_color: '#e74f0d',
    chat_enabled: true,
    pusher_key: '0815d25ee2bae406d7d9',
    pusher_cluster: 'eu',
    pusher_app_id: '2086108'
  }
]
Returning settings: {
  demo_url: 'https://noahpro.es/crm/login',
  chat_title: 'Soporte NoahPro',
  chat_welcome_message: '¡Hola! ¿En qué podemos ayudarte hoy?',
  chat_primary_color: '#e74f0d',
  chat_enabled: true,
  pusher_key: '0815d25ee2bae406d7d9',
  pusher_cluster: 'eu',
  pusher_app_id: '2086108'
}
2025-12-18T21:50:33.372Z [INFO]: GET /api/settings/public 
Fetching public settings...
Query result: [
  {
    demo_url: 'https://noahpro.es/crm/login',
    chat_title: 'Soporte NoahPro',
    chat_welcome_message: '¡Hola! ¿En qué podemos ayudarte hoy?',
    chat_primary_color: '#e74f0d',
    chat_enabled: true,
    pusher_key: '0815d25ee2bae406d7d9',
    pusher_cluster: 'eu',
    pusher_app_id: '2086108'
  }
]
Returning settings: {
  demo_url: 'https://noahpro.es/crm/login',
  chat_title: 'Soporte NoahPro',
  chat_welcome_message: '¡Hola! ¿En qué podemos ayudarte hoy?',
  chat_primary_color: '#e74f0d',
  chat_enabled: true,
  pusher_key: '0815d25ee2bae406d7d9',
  pusher_cluster: 'eu',
  pusher_app_id: '2086108'
}
2025-12-18T21:50:33.398Z [INFO]: GET /api/settings/public 
Fetching public settings...
2025-12-18T21:50:33.399Z [INFO]: GET /api/chat/conversations/faba36e2-98cc-4fe3-907d-3343d239d9f3/messages 
Query result: [
  {
    demo_url: 'https://noahpro.es/crm/login',
    chat_title: 'Soporte NoahPro',
    chat_welcome_message: '¡Hola! ¿En qué podemos ayudarte hoy?',
    chat_primary_color: '#e74f0d',
    chat_enabled: true,
    pusher_key: '0815d25ee2bae406d7d9',
    pusher_cluster: 'eu',
    pusher_app_id: '2086108'
  }
]
Returning settings: {
  demo_url: 'https://noahpro.es/crm/login',
  chat_title: 'Soporte NoahPro',
  chat_welcome_message: '¡Hola! ¿En qué podemos ayudarte hoy?',
  chat_primary_color: '#e74f0d',
  chat_enabled: true,
  pusher_key: '0815d25ee2bae406d7d9',
  pusher_cluster: 'eu',
  pusher_app_id: '2086108'
}
2025-12-18T21:50:33.402Z [INFO]: POST /api/analytics/track 
2025-12-18T21:50:33.403Z [INFO]: POST /api/analytics/track 
2025-12-18T21:50:33.403Z [INFO]: GET /api/chat/conversations/faba36e2-98cc-4fe3-907d-3343d239d9f3/messages 
2025-12-18T21:50:33.405Z [INFO]: GET /api/settings/public 
Fetching public settings...
Query result: [
  {
    demo_url: 'https://noahpro.es/crm/login',
    chat_title: 'Soporte NoahPro',
    chat_welcome_message: '¡Hola! ¿En qué podemos ayudarte hoy?',
    chat_primary_color: '#e74f0d',
    chat_enabled: true,
    pusher_key: '0815d25ee2bae406d7d9',
    pusher_cluster: 'eu',
    pusher_app_id: '2086108'
  }
]
Returning settings: {
  demo_url: 'https://noahpro.es/crm/login',
  chat_title: 'Soporte NoahPro',
  chat_welcome_message: '¡Hola! ¿En qué podemos ayudarte hoy?',
  chat_primary_color: '#e74f0d',
  chat_enabled: true,
  pusher_key: '0815d25ee2bae406d7d9',
  pusher_cluster: 'eu',
  pusher_app_id: '2086108'
}
2025-12-18T21:50:33.411Z [INFO]: GET /api/settings/public 
Fetching public settings...
Query result: [
  {
    demo_url: 'https://noahpro.es/crm/login',
    chat_title: 'Soporte NoahPro',
    chat_welcome_message: '¡Hola! ¿En qué podemos ayudarte hoy?',
    chat_primary_color: '#e74f0d',
    chat_enabled: true,
    pusher_key: '0815d25ee2bae406d7d9',
    pusher_cluster: 'eu',
    pusher_app_id: '2086108'
  }
]
Returning settings: {
  demo_url: 'https://noahpro.es/crm/login',
  chat_title: 'Soporte NoahPro',
  chat_welcome_message: '¡Hola! ¿En qué podemos ayudarte hoy?',
  chat_primary_color: '#e74f0d',
  chat_enabled: true,
  pusher_key: '0815d25ee2bae406d7d9',
  pusher_cluster: 'eu',
  pusher_app_id: '2086108'
}
2025-12-18T21:50:33.414Z [INFO]: GET /api/settings/public 
Fetching public settings...
Query result: [
  {
    demo_url: 'https://noahpro.es/crm/login',
    chat_title: 'Soporte NoahPro',
    chat_welcome_message: '¡Hola! ¿En qué podemos ayudarte hoy?',
    chat_primary_color: '#e74f0d',
    chat_enabled: true,
    pusher_key: '0815d25ee2bae406d7d9',
    pusher_cluster: 'eu',
    pusher_app_id: '2086108'
  }
]
Returning settings: {
  demo_url: 'https://noahpro.es/crm/login',
  chat_title: 'Soporte NoahPro',
  chat_welcome_message: '¡Hola! ¿En qué podemos ayudarte hoy?',
  chat_primary_color: '#e74f0d',
  chat_enabled: true,
  pusher_key: '0815d25ee2bae406d7d9',
  pusher_cluster: 'eu',
  pusher_app_id: '2086108'
}
2025-12-18T21:50:47.159Z [INFO]: POST /api/hunter/search 
2025-12-18T21:50:50.641Z [INFO]: GET /api/hunter/prospects 
2025-12-18T21:50:50.642Z [INFO]: GET /api/hunter/stats 
2025-12-18T21:50:50.642Z [INFO]: GET /api/hunter/access 
2025-12-18T21:51:27.920Z [INFO]: GET /api/settings/public 
Fetching public settings...
Query result: [
  {
    demo_url: 'https://noahpro.es/crm/login',
    chat_title: 'Soporte NoahPro',
    chat_welcome_message: '¡Hola! ¿En qué podemos ayudarte hoy?',
    chat_primary_color: '#e74f0d',
    chat_enabled: true,
    pusher_key: '0815d25ee2bae406d7d9',
    pusher_cluster: 'eu',
    pusher_app_id: '2086108'
  }
]
Returning settings: {
  demo_url: 'https://noahpro.es/crm/login',
  chat_title: 'Soporte NoahPro',
  chat_welcome_message: '¡Hola! ¿En qué podemos ayudarte hoy?',
  chat_primary_color: '#e74f0d',
  chat_enabled: true,
  pusher_key: '0815d25ee2bae406d7d9',
  pusher_cluster: 'eu',
  pusher_app_id: '2086108'
}
2025-12-18T21:51:27.928Z [INFO]: GET /api/settings/public 
Fetching public settings...
Query result: [
  {
    demo_url: 'https://noahpro.es/crm/login',
    chat_title: 'Soporte NoahPro',
    chat_welcome_message: '¡Hola! ¿En qué podemos ayudarte hoy?',
    chat_primary_color: '#e74f0d',
    chat_enabled: true,
    pusher_key: '0815d25ee2bae406d7d9',
    pusher_cluster: 'eu',
    pusher_app_id: '2086108'
  }
]
Returning settings: {
  demo_url: 'https://noahpro.es/crm/login',
  chat_title: 'Soporte NoahPro',
  chat_welcome_message: '¡Hola! ¿En qué podemos ayudarte hoy?',
  chat_primary_color: '#e74f0d',
  chat_enabled: true,
  pusher_key: '0815d25ee2bae406d7d9',
  pusher_cluster: 'eu',
  pusher_app_id: '2086108'
}
2025-12-18T21:51:27.934Z [INFO]: GET /api/notifications 
2025-12-18T21:51:27.936Z [INFO]: GET /api/calendar/events 
2025-12-18T21:51:27.939Z [INFO]: GET /api/notifications/unread-count 
2025-12-18T21:51:27.944Z [INFO]: GET /api/chat/conversations 
2025-12-18T21:51:27.946Z [INFO]: GET /api/leads 
2025-12-18T21:51:27.947Z [INFO]: GET /api/notifications 
2025-12-18T21:51:27.948Z [INFO]: GET /api/chat/conversations 
2025-12-18T21:51:27.948Z [INFO]: GET /api/tasks 
2025-12-18T21:51:27.949Z [INFO]: GET /api/settings/lead-statuses 
2025-12-18T21:51:27.951Z [INFO]: GET /api/notifications/unread-count 
2025-12-18T21:51:27.954Z [INFO]: GET /api/leads 
2025-12-18T21:51:27.955Z [INFO]: GET /api/calendar/events 
2025-12-18T21:51:27.957Z [INFO]: GET /api/tasks 
2025-12-18T21:51:27.958Z [INFO]: GET /api/leads 
2025-12-18T21:51:27.958Z [INFO]: GET /api/settings/lead-statuses 
2025-12-18T21:51:27.963Z [INFO]: GET /api/leads 
2025-12-18T21:51:44.076Z [INFO]: GET /api/settings/public 
Fetching public settings...
Query result: [
  {
    demo_url: 'https://noahpro.es/crm/login',
    chat_title: 'Soporte NoahPro',
    chat_welcome_message: '¡Hola! ¿En qué podemos ayudarte hoy?',
    chat_primary_color: '#e74f0d',
    chat_enabled: true,
    pusher_key: '0815d25ee2bae406d7d9',
    pusher_cluster: 'eu',
    pusher_app_id: '2086108'
  }
]
Returning settings: {
  demo_url: 'https://noahpro.es/crm/login',
  chat_title: 'Soporte NoahPro',
  chat_welcome_message: '¡Hola! ¿En qué podemos ayudarte hoy?',
  chat_primary_color: '#e74f0d',
  chat_enabled: true,
  pusher_key: '0815d25ee2bae406d7d9',
  pusher_cluster: 'eu',
  pusher_app_id: '2086108'
}
2025-12-18T21:51:44.082Z [INFO]: GET /api/settings/public 
Fetching public settings...
Query result: [
  {
    demo_url: 'https://noahpro.es/crm/login',
    chat_title: 'Soporte NoahPro',
    chat_welcome_message: '¡Hola! ¿En qué podemos ayudarte hoy?',
    chat_primary_color: '#e74f0d',
    chat_enabled: true,
    pusher_key: '0815d25ee2bae406d7d9',
    pusher_cluster: 'eu',
    pusher_app_id: '2086108'
  }
]
Returning settings: {
  demo_url: 'https://noahpro.es/crm/login',
  chat_title: 'Soporte NoahPro',
  chat_welcome_message: '¡Hola! ¿En qué podemos ayudarte hoy?',
  chat_primary_color: '#e74f0d',
  chat_enabled: true,
  pusher_key: '0815d25ee2bae406d7d9',
  pusher_cluster: 'eu',
  pusher_app_id: '2086108'
}
2025-12-18T21:51:44.098Z [INFO]: GET /api/notifications/unread-count 
2025-12-18T21:51:44.098Z [INFO]: GET /api/notifications 
2025-12-18T21:51:44.099Z [INFO]: GET /api/calendar/events 
2025-12-18T21:51:44.100Z [INFO]: GET /api/chat/conversations 
2025-12-18T21:51:44.102Z [INFO]: GET /api/leads 
2025-12-18T21:51:44.104Z [INFO]: GET /api/tasks 
2025-12-18T21:51:44.105Z [INFO]: GET /api/chat/conversations 
2025-12-18T21:51:44.107Z [INFO]: GET /api/notifications/unread-count 
2025-12-18T21:51:44.108Z [INFO]: GET /api/notifications 
2025-12-18T21:51:44.108Z [INFO]: GET /api/settings/lead-statuses 
2025-12-18T21:51:44.130Z [INFO]: GET /api/calendar/events 
2025-12-18T21:51:44.130Z [INFO]: GET /api/leads 
2025-12-18T21:51:44.137Z [INFO]: GET /api/tasks 
2025-12-18T21:51:44.140Z [INFO]: GET /api/settings/lead-statuses 
2025-12-18T21:51:44.141Z [INFO]: GET /api/leads 
2025-12-18T21:51:44.143Z [INFO]: GET /api/leads 
2025-12-18T21:52:00.390Z [INFO]: GET /api/hunter/access 
2025-12-18T21:52:00.392Z [INFO]: GET /api/business-types 
2025-12-18T21:52:00.393Z [INFO]: GET /api/hunter/stats 
2025-12-18T21:52:00.393Z [INFO]: GET /api/hunter/prospects 
2025-12-18T21:52:00.398Z [INFO]: GET /api/business-types 
2025-12-18T21:52:00.399Z [INFO]: GET /api/hunter/prospects 
2025-12-18T21:52:00.401Z [INFO]: GET /api/hunter/stats 
2025-12-18T21:52:00.402Z [INFO]: GET /api/hunter/access 
2025-12-18T21:55:02.325Z [INFO]: POST /api/hunter/analyze/3 
2025-12-18T21:55:03.896Z [INFO]: GET /api/hunter/prospects 
2025-12-18T21:55:59.469Z [INFO]: POST /api/hunter/process/12 
Error procesando prospecto: error: insert or update on table "lead_tags" violates foreign key constraint "lead_tags_tag_id_fkey"
    at /Users/cex/Desktop/Crm App Tpv/backend/node_modules/pg/lib/client.js:545:17
    at process.processTicksAndRejections (node:internal/process/task_queues:105:5)
    at async LeadHunterService.processProspectToLead (/Users/cex/Desktop/Crm App Tpv/backend/services/leadHunterService.js:147:17)
    at async /Users/cex/Desktop/Crm App Tpv/backend/routes/leadHunter.js:167:24 {
  length: 254,
  severity: 'ERROR',
  code: '23503',
  detail: 'Key (tag_id)=(7) is not present in table "tags".',
  hint: undefined,
  position: undefined,
  internalPosition: undefined,
  internalQuery: undefined,
  where: undefined,
  schema: 'public',
  table: 'lead_tags',
  column: undefined,
  dataType: undefined,
  constraint: 'lead_tags_tag_id_fkey',
  file: 'ri_triggers.c',
  line: '2607',
  routine: 'ri_ReportViolation'
}
2025-12-18T21:56:45.552Z [INFO]: POST /api/hunter/process/12 
Error procesando prospecto: error: insert or update on table "lead_tags" violates foreign key constraint "lead_tags_tag_id_fkey"
    at /Users/cex/Desktop/Crm App Tpv/backend/node_modules/pg/lib/client.js:545:17
    at process.processTicksAndRejections (node:internal/process/task_queues:105:5)
    at async LeadHunterService.processProspectToLead (/Users/cex/Desktop/Crm App Tpv/backend/services/leadHunterService.js:147:17)
    at async /Users/cex/Desktop/Crm App Tpv/backend/routes/leadHunter.js:167:24 {
  length: 254,
  severity: 'ERROR',
  code: '23503',
  detail: 'Key (tag_id)=(7) is not present in table "tags".',
  hint: undefined,
  position: undefined,
  internalPosition: undefined,
  internalQuery: undefined,
  where: undefined,
  schema: 'public',
  table: 'lead_tags',
  column: undefined,
  dataType: undefined,
  constraint: 'lead_tags_tag_id_fkey',
  file: 'ri_triggers.c',
  line: '2607',
  routine: 'ri_ReportViolation'
}
2025-12-18T22:01:44.391Z [INFO]: GET /api/business-types 
Error de autenticación: JsonWebTokenError: invalid signature
    at /Users/cex/Desktop/Crm App Tpv/backend/node_modules/jsonwebtoken/verify.js:171:19
    at getSecret (/Users/cex/Desktop/Crm App Tpv/backend/node_modules/jsonwebtoken/verify.js:97:14)
    at module.exports [as verify] (/Users/cex/Desktop/Crm App Tpv/backend/node_modules/jsonwebtoken/verify.js:101:10)
    at protect (/Users/cex/Desktop/Crm App Tpv/backend/middleware/authMiddleware.js:17:33)
    at Layer.handle [as handle_request] (/Users/cex/Desktop/Crm App Tpv/backend/node_modules/express/lib/router/layer.js:95:5)
    at trim_prefix (/Users/cex/Desktop/Crm App Tpv/backend/node_modules/express/lib/router/index.js:328:13)
    at /Users/cex/Desktop/Crm App Tpv/backend/node_modules/express/lib/router/index.js:286:9
    at Function.process_params (/Users/cex/Desktop/Crm App Tpv/backend/node_modules/express/lib/router/index.js:346:12)
    at next (/Users/cex/Desktop/Crm App Tpv/backend/node_modules/express/lib/router/index.js:280:10)
    at Function.handle (/Users/cex/Desktop/Crm App Tpv/backend/node_modules/express/lib/router/index.js:175:3)
2025-12-18T22:01:44.394Z [INFO]: GET /api/business-types 
Error de autenticación: JsonWebTokenError: invalid signature
    at /Users/cex/Desktop/Crm App Tpv/backend/node_modules/jsonwebtoken/verify.js:171:19
    at getSecret (/Users/cex/Desktop/Crm App Tpv/backend/node_modules/jsonwebtoken/verify.js:97:14)
    at module.exports [as verify] (/Users/cex/Desktop/Crm App Tpv/backend/node_modules/jsonwebtoken/verify.js:101:10)
    at protect (/Users/cex/Desktop/Crm App Tpv/backend/middleware/authMiddleware.js:17:33)
    at Layer.handle [as handle_request] (/Users/cex/Desktop/Crm App Tpv/backend/node_modules/express/lib/router/layer.js:95:5)
    at trim_prefix (/Users/cex/Desktop/Crm App Tpv/backend/node_modules/express/lib/router/index.js:328:13)
    at /Users/cex/Desktop/Crm App Tpv/backend/node_modules/express/lib/router/index.js:286:9
    at Function.process_params (/Users/cex/Desktop/Crm App Tpv/backend/node_modules/express/lib/router/index.js:346:12)
    at next (/Users/cex/Desktop/Crm App Tpv/backend/node_modules/express/lib/router/index.js:280:10)
    at Function.handle (/Users/cex/Desktop/Crm App Tpv/backend/node_modules/express/lib/router/index.js:175:3)
2025-12-18T22:02:02.958Z [INFO]: POST /api/business-types/ai-suggest 
Error de autenticación: JsonWebTokenError: invalid signature
    at /Users/cex/Desktop/Crm App Tpv/backend/node_modules/jsonwebtoken/verify.js:171:19
    at getSecret (/Users/cex/Desktop/Crm App Tpv/backend/node_modules/jsonwebtoken/verify.js:97:14)
    at module.exports [as verify] (/Users/cex/Desktop/Crm App Tpv/backend/node_modules/jsonwebtoken/verify.js:101:10)
    at protect (/Users/cex/Desktop/Crm App Tpv/backend/middleware/authMiddleware.js:17:33)
    at Layer.handle [as handle_request] (/Users/cex/Desktop/Crm App Tpv/backend/node_modules/express/lib/router/layer.js:95:5)
    at trim_prefix (/Users/cex/Desktop/Crm App Tpv/backend/node_modules/express/lib/router/index.js:328:13)
    at /Users/cex/Desktop/Crm App Tpv/backend/node_modules/express/lib/router/index.js:286:9
    at Function.process_params (/Users/cex/Desktop/Crm App Tpv/backend/node_modules/express/lib/router/index.js:346:12)
    at next (/Users/cex/Desktop/Crm App Tpv/backend/node_modules/express/lib/router/index.js:280:10)
    at Function.handle (/Users/cex/Desktop/Crm App Tpv/backend/node_modules/express/lib/router/index.js:175:3)
2025-12-18T22:02:07.168Z [INFO]: POST /api/business-types/ai-suggest 
Error de autenticación: JsonWebTokenError: invalid signature
    at /Users/cex/Desktop/Crm App Tpv/backend/node_modules/jsonwebtoken/verify.js:171:19
    at getSecret (/Users/cex/Desktop/Crm App Tpv/backend/node_modules/jsonwebtoken/verify.js:97:14)
    at module.exports [as verify] (/Users/cex/Desktop/Crm App Tpv/backend/node_modules/jsonwebtoken/verify.js:101:10)
    at protect (/Users/cex/Desktop/Crm App Tpv/backend/middleware/authMiddleware.js:17:33)
    at Layer.handle [as handle_request] (/Users/cex/Desktop/Crm App Tpv/backend/node_modules/express/lib/router/layer.js:95:5)
    at trim_prefix (/Users/cex/Desktop/Crm App Tpv/backend/node_modules/express/lib/router/index.js:328:13)
    at /Users/cex/Desktop/Crm App Tpv/backend/node_modules/express/lib/router/index.js:286:9
    at Function.process_params (/Users/cex/Desktop/Crm App Tpv/backend/node_modules/express/lib/router/index.js:346:12)
    at next (/Users/cex/Desktop/Crm App Tpv/backend/node_modules/express/lib/router/index.js:280:10)
    at Function.handle (/Users/cex/Desktop/Crm App Tpv/backend/node_modules/express/lib/router/index.js:175:3)
2025-12-18T22:02:23.914Z [INFO]: GET /api/business-types 
2025-12-18T22:02:57.196Z [INFO]: GET /api/settings/public 
Fetching public settings...
Query result: [
  {
    demo_url: 'https://noahpro.es/crm/login',
    chat_title: 'Soporte NoahPro',
    chat_welcome_message: '¡Hola! ¿En qué podemos ayudarte hoy?',
    chat_primary_color: '#e74f0d',
    chat_enabled: true,
    pusher_key: '0815d25ee2bae406d7d9',
    pusher_cluster: 'eu',
    pusher_app_id: '2086108'
  }
]
Returning settings: {
  demo_url: 'https://noahpro.es/crm/login',
  chat_title: 'Soporte NoahPro',
  chat_welcome_message: '¡Hola! ¿En qué podemos ayudarte hoy?',
  chat_primary_color: '#e74f0d',
  chat_enabled: true,
  pusher_key: '0815d25ee2bae406d7d9',
  pusher_cluster: 'eu',
  pusher_app_id: '2086108'
}
2025-12-18T22:02:57.243Z [INFO]: GET /api/settings/public 
Fetching public settings...
Query result: [
  {
    demo_url: 'https://noahpro.es/crm/login',
    chat_title: 'Soporte NoahPro',
    chat_welcome_message: '¡Hola! ¿En qué podemos ayudarte hoy?',
    chat_primary_color: '#e74f0d',
    chat_enabled: true,
    pusher_key: '0815d25ee2bae406d7d9',
    pusher_cluster: 'eu',
    pusher_app_id: '2086108'
  }
]
Returning settings: {
  demo_url: 'https://noahpro.es/crm/login',
  chat_title: 'Soporte NoahPro',
  chat_welcome_message: '¡Hola! ¿En qué podemos ayudarte hoy?',
  chat_primary_color: '#e74f0d',
  chat_enabled: true,
  pusher_key: '0815d25ee2bae406d7d9',
  pusher_cluster: 'eu',
  pusher_app_id: '2086108'
}
2025-12-18T22:02:57.253Z [INFO]: GET /api/chat/conversations/faba36e2-98cc-4fe3-907d-3343d239d9f3/messages 
2025-12-18T22:02:57.254Z [INFO]: POST /api/analytics/track 
2025-12-18T22:02:57.254Z [INFO]: POST /api/analytics/track 
2025-12-18T22:02:57.255Z [INFO]: GET /api/chat/conversations/faba36e2-98cc-4fe3-907d-3343d239d9f3/messages 
2025-12-18T22:02:57.255Z [INFO]: GET /api/settings/public 
Fetching public settings...
Query result: [
  {
    demo_url: 'https://noahpro.es/crm/login',
    chat_title: 'Soporte NoahPro',
    chat_welcome_message: '¡Hola! ¿En qué podemos ayudarte hoy?',
    chat_primary_color: '#e74f0d',
    chat_enabled: true,
    pusher_key: '0815d25ee2bae406d7d9',
    pusher_cluster: 'eu',
    pusher_app_id: '2086108'
  }
]
Returning settings: {
  demo_url: 'https://noahpro.es/crm/login',
  chat_title: 'Soporte NoahPro',
  chat_welcome_message: '¡Hola! ¿En qué podemos ayudarte hoy?',
  chat_primary_color: '#e74f0d',
  chat_enabled: true,
  pusher_key: '0815d25ee2bae406d7d9',
  pusher_cluster: 'eu',
  pusher_app_id: '2086108'
}
2025-12-18T22:02:57.303Z [INFO]: GET /api/settings/public 
Fetching public settings...
Query result: [
  {
    demo_url: 'https://noahpro.es/crm/login',
    chat_title: 'Soporte NoahPro',
    chat_welcome_message: '¡Hola! ¿En qué podemos ayudarte hoy?',
    chat_primary_color: '#e74f0d',
    chat_enabled: true,
    pusher_key: '0815d25ee2bae406d7d9',
    pusher_cluster: 'eu',
    pusher_app_id: '2086108'
  }
]
Returning settings: {
  demo_url: 'https://noahpro.es/crm/login',
  chat_title: 'Soporte NoahPro',
  chat_welcome_message: '¡Hola! ¿En qué podemos ayudarte hoy?',
  chat_primary_color: '#e74f0d',
  chat_enabled: true,
  pusher_key: '0815d25ee2bae406d7d9',
  pusher_cluster: 'eu',
  pusher_app_id: '2086108'
}
2025-12-18T22:02:57.309Z [INFO]: GET /api/settings/public 
Fetching public settings...
Query result: [
  {
    demo_url: 'https://noahpro.es/crm/login',
    chat_title: 'Soporte NoahPro',
    chat_welcome_message: '¡Hola! ¿En qué podemos ayudarte hoy?',
    chat_primary_color: '#e74f0d',
    chat_enabled: true,
    pusher_key: '0815d25ee2bae406d7d9',
    pusher_cluster: 'eu',
    pusher_app_id: '2086108'
  }
]
Returning settings: {
  demo_url: 'https://noahpro.es/crm/login',
  chat_title: 'Soporte NoahPro',
  chat_welcome_message: '¡Hola! ¿En qué podemos ayudarte hoy?',
  chat_primary_color: '#e74f0d',
  chat_enabled: true,
  pusher_key: '0815d25ee2bae406d7d9',
  pusher_cluster: 'eu',
  pusher_app_id: '2086108'
}
2025-12-18T22:02:57.313Z [INFO]: GET /api/settings/public 
Fetching public settings...
Query result: [
  {
    demo_url: 'https://noahpro.es/crm/login',
    chat_title: 'Soporte NoahPro',
    chat_welcome_message: '¡Hola! ¿En qué podemos ayudarte hoy?',
    chat_primary_color: '#e74f0d',
    chat_enabled: true,
    pusher_key: '0815d25ee2bae406d7d9',
    pusher_cluster: 'eu',
    pusher_app_id: '2086108'
  }
]
Returning settings: {
  demo_url: 'https://noahpro.es/crm/login',
  chat_title: 'Soporte NoahPro',
  chat_welcome_message: '¡Hola! ¿En qué podemos ayudarte hoy?',
  chat_primary_color: '#e74f0d',
  chat_enabled: true,
  pusher_key: '0815d25ee2bae406d7d9',
  pusher_cluster: 'eu',
  pusher_app_id: '2086108'
}
2025-12-18T22:06:55.590Z [INFO]: POST /api/hunter/analyze/35 
2025-12-18T22:06:57.396Z [INFO]: GET /api/hunter/prospects 
2025-12-18T22:12:12.288Z [INFO]: POST /api/hunter/analyze/1 
2025-12-18T22:12:13.781Z [INFO]: GET /api/hunter/prospects 
2025-12-18T22:12:42.166Z [INFO]: GET /api/clients 
2025-12-18T22:12:42.171Z [INFO]: GET /api/clients 
2025-12-18T22:12:42.995Z [INFO]: GET /api/hunter/access 
2025-12-18T22:12:42.996Z [INFO]: GET /api/hunter/prospects 
2025-12-18T22:12:42.996Z [INFO]: GET /api/hunter/stats 
2025-12-18T22:12:42.997Z [INFO]: GET /api/business-types 
2025-12-18T22:12:43.008Z [INFO]: GET /api/business-types 
2025-12-18T22:12:43.009Z [INFO]: GET /api/hunter/prospects 
2025-12-18T22:12:43.009Z [INFO]: GET /api/hunter/stats 
2025-12-18T22:12:43.018Z [INFO]: GET /api/hunter/access 
2025-12-18T22:13:21.471Z [INFO]: GET /api/settings/public 
Fetching public settings...
Query result: [
  {
    demo_url: 'https://noahpro.es/crm/login',
    chat_title: 'Soporte NoahPro',
    chat_welcome_message: '¡Hola! ¿En qué podemos ayudarte hoy?',
    chat_primary_color: '#e74f0d',
    chat_enabled: true,
    pusher_key: '0815d25ee2bae406d7d9',
    pusher_cluster: 'eu',
    pusher_app_id: '2086108'
  }
]
Returning settings: {
  demo_url: 'https://noahpro.es/crm/login',
  chat_title: 'Soporte NoahPro',
  chat_welcome_message: '¡Hola! ¿En qué podemos ayudarte hoy?',
  chat_primary_color: '#e74f0d',
  chat_enabled: true,
  pusher_key: '0815d25ee2bae406d7d9',
  pusher_cluster: 'eu',
  pusher_app_id: '2086108'
}
2025-12-18T22:13:21.483Z [INFO]: GET /api/settings/public 
Fetching public settings...
Query result: [
  {
    demo_url: 'https://noahpro.es/crm/login',
    chat_title: 'Soporte NoahPro',
    chat_welcome_message: '¡Hola! ¿En qué podemos ayudarte hoy?',
    chat_primary_color: '#e74f0d',
    chat_enabled: true,
    pusher_key: '0815d25ee2bae406d7d9',
    pusher_cluster: 'eu',
    pusher_app_id: '2086108'
  }
]
Returning settings: {
  demo_url: 'https://noahpro.es/crm/login',
  chat_title: 'Soporte NoahPro',
  chat_welcome_message: '¡Hola! ¿En qué podemos ayudarte hoy?',
  chat_primary_color: '#e74f0d',
  chat_enabled: true,
  pusher_key: '0815d25ee2bae406d7d9',
  pusher_cluster: 'eu',
  pusher_app_id: '2086108'
}
2025-12-18T22:13:24.767Z [INFO]: GET /api/settings/public 
Fetching public settings...
Query result: [
  {
    demo_url: 'https://noahpro.es/crm/login',
    chat_title: 'Soporte NoahPro',
    chat_welcome_message: '¡Hola! ¿En qué podemos ayudarte hoy?',
    chat_primary_color: '#e74f0d',
    chat_enabled: true,
    pusher_key: '0815d25ee2bae406d7d9',
    pusher_cluster: 'eu',
    pusher_app_id: '2086108'
  }
]
Returning settings: {
  demo_url: 'https://noahpro.es/crm/login',
  chat_title: 'Soporte NoahPro',
  chat_welcome_message: '¡Hola! ¿En qué podemos ayudarte hoy?',
  chat_primary_color: '#e74f0d',
  chat_enabled: true,
  pusher_key: '0815d25ee2bae406d7d9',
  pusher_cluster: 'eu',
  pusher_app_id: '2086108'
}
2025-12-18T22:13:24.770Z [INFO]: GET /api/settings/public 
Fetching public settings...
Query result: [
  {
    demo_url: 'https://noahpro.es/crm/login',
    chat_title: 'Soporte NoahPro',
    chat_welcome_message: '¡Hola! ¿En qué podemos ayudarte hoy?',
    chat_primary_color: '#e74f0d',
    chat_enabled: true,
    pusher_key: '0815d25ee2bae406d7d9',
    pusher_cluster: 'eu',
    pusher_app_id: '2086108'
  }
]
Returning settings: {
  demo_url: 'https://noahpro.es/crm/login',
  chat_title: 'Soporte NoahPro',
  chat_welcome_message: '¡Hola! ¿En qué podemos ayudarte hoy?',
  chat_primary_color: '#e74f0d',
  chat_enabled: true,
  pusher_key: '0815d25ee2bae406d7d9',
  pusher_cluster: 'eu',
  pusher_app_id: '2086108'
}
2025-12-18T22:13:24.780Z [INFO]: GET /api/notifications 
2025-12-18T22:13:24.781Z [INFO]: GET /api/notifications/unread-count 
2025-12-18T22:13:24.781Z [INFO]: GET /api/calendar/events 
2025-12-18T22:13:24.782Z [INFO]: GET /api/leads 
2025-12-18T22:13:24.782Z [INFO]: GET /api/tasks 
2025-12-18T22:13:24.783Z [INFO]: GET /api/chat/conversations 
2025-12-18T22:13:24.784Z [INFO]: GET /api/settings/lead-statuses 
2025-12-18T22:13:24.784Z [INFO]: GET /api/chat/conversations 
2025-12-18T22:13:24.785Z [INFO]: GET /api/notifications 
2025-12-18T22:13:24.788Z [INFO]: GET /api/settings/lead-statuses 
2025-12-18T22:13:24.790Z [INFO]: GET /api/notifications/unread-count 
2025-12-18T22:13:24.790Z [INFO]: GET /api/calendar/events 
2025-12-18T22:13:24.795Z [INFO]: GET /api/tasks 
2025-12-18T22:13:24.796Z [INFO]: GET /api/leads 
2025-12-18T22:13:24.800Z [INFO]: GET /api/leads 
2025-12-18T22:13:24.804Z [INFO]: GET /api/leads 
2025-12-18T22:13:29.047Z [INFO]: GET /api/leads 
2025-12-18T22:13:29.049Z [INFO]: GET /api/leads/stats 
2025-12-18T22:13:32.190Z [INFO]: GET /api/proposals 
2025-12-18T22:13:32.194Z [INFO]: GET /api/proposals 
2025-12-18T22:13:47.838Z [INFO]: GET /api/settings/public 
Fetching public settings...
Query result: [
  {
    demo_url: 'https://noahpro.es/crm/login',
    chat_title: 'Soporte NoahPro',
    chat_welcome_message: '¡Hola! ¿En qué podemos ayudarte hoy?',
    chat_primary_color: '#e74f0d',
    chat_enabled: true,
    pusher_key: '0815d25ee2bae406d7d9',
    pusher_cluster: 'eu',
    pusher_app_id: '2086108'
  }
]
Returning settings: {
  demo_url: 'https://noahpro.es/crm/login',
  chat_title: 'Soporte NoahPro',
  chat_welcome_message: '¡Hola! ¿En qué podemos ayudarte hoy?',
  chat_primary_color: '#e74f0d',
  chat_enabled: true,
  pusher_key: '0815d25ee2bae406d7d9',
  pusher_cluster: 'eu',
  pusher_app_id: '2086108'
}
2025-12-18T22:13:47.842Z [INFO]: GET /api/settings/public 
Fetching public settings...
Query result: [
  {
    demo_url: 'https://noahpro.es/crm/login',
    chat_title: 'Soporte NoahPro',
    chat_welcome_message: '¡Hola! ¿En qué podemos ayudarte hoy?',
    chat_primary_color: '#e74f0d',
    chat_enabled: true,
    pusher_key: '0815d25ee2bae406d7d9',
    pusher_cluster: 'eu',
    pusher_app_id: '2086108'
  }
]
Returning settings: {
  demo_url: 'https://noahpro.es/crm/login',
  chat_title: 'Soporte NoahPro',
  chat_welcome_message: '¡Hola! ¿En qué podemos ayudarte hoy?',
  chat_primary_color: '#e74f0d',
  chat_enabled: true,
  pusher_key: '0815d25ee2bae406d7d9',
  pusher_cluster: 'eu',
  pusher_app_id: '2086108'
}
2025-12-18T22:14:50.124Z [INFO]: GET /api/settings/public 
Fetching public settings...
Query result: [
  {
    demo_url: 'https://noahpro.es/crm/login',
    chat_title: 'Soporte NoahPro',
    chat_welcome_message: '¡Hola! ¿En qué podemos ayudarte hoy?',
    chat_primary_color: '#e74f0d',
    chat_enabled: true,
    pusher_key: '0815d25ee2bae406d7d9',
    pusher_cluster: 'eu',
    pusher_app_id: '2086108'
  }
]
Returning settings: {
  demo_url: 'https://noahpro.es/crm/login',
  chat_title: 'Soporte NoahPro',
  chat_welcome_message: '¡Hola! ¿En qué podemos ayudarte hoy?',
  chat_primary_color: '#e74f0d',
  chat_enabled: true,
  pusher_key: '0815d25ee2bae406d7d9',
  pusher_cluster: 'eu',
  pusher_app_id: '2086108'
}
2025-12-18T22:14:50.134Z [INFO]: GET /api/settings/public 
Fetching public settings...
Query result: [
  {
    demo_url: 'https://noahpro.es/crm/login',
    chat_title: 'Soporte NoahPro',
    chat_welcome_message: '¡Hola! ¿En qué podemos ayudarte hoy?',
    chat_primary_color: '#e74f0d',
    chat_enabled: true,
    pusher_key: '0815d25ee2bae406d7d9',
    pusher_cluster: 'eu',
    pusher_app_id: '2086108'
  }
]
Returning settings: {
  demo_url: 'https://noahpro.es/crm/login',
  chat_title: 'Soporte NoahPro',
  chat_welcome_message: '¡Hola! ¿En qué podemos ayudarte hoy?',
  chat_primary_color: '#e74f0d',
  chat_enabled: true,
  pusher_key: '0815d25ee2bae406d7d9',
  pusher_cluster: 'eu',
  pusher_app_id: '2086108'
}
2025-12-18T22:14:51.225Z [INFO]: GET /api/settings/public 
Fetching public settings...
Query result: [
  {
    demo_url: 'https://noahpro.es/crm/login',
    chat_title: 'Soporte NoahPro',
    chat_welcome_message: '¡Hola! ¿En qué podemos ayudarte hoy?',
    chat_primary_color: '#e74f0d',
    chat_enabled: true,
    pusher_key: '0815d25ee2bae406d7d9',
    pusher_cluster: 'eu',
    pusher_app_id: '2086108'
  }
]
Returning settings: {
  demo_url: 'https://noahpro.es/crm/login',
  chat_title: 'Soporte NoahPro',
  chat_welcome_message: '¡Hola! ¿En qué podemos ayudarte hoy?',
  chat_primary_color: '#e74f0d',
  chat_enabled: true,
  pusher_key: '0815d25ee2bae406d7d9',
  pusher_cluster: 'eu',
  pusher_app_id: '2086108'
}
2025-12-18T22:14:51.227Z [INFO]: GET /api/settings/public 
Fetching public settings...
Query result: [
  {
    demo_url: 'https://noahpro.es/crm/login',
    chat_title: 'Soporte NoahPro',
    chat_welcome_message: '¡Hola! ¿En qué podemos ayudarte hoy?',
    chat_primary_color: '#e74f0d',
    chat_enabled: true,
    pusher_key: '0815d25ee2bae406d7d9',
    pusher_cluster: 'eu',
    pusher_app_id: '2086108'
  }
]
Returning settings: {
  demo_url: 'https://noahpro.es/crm/login',
  chat_title: 'Soporte NoahPro',
  chat_welcome_message: '¡Hola! ¿En qué podemos ayudarte hoy?',
  chat_primary_color: '#e74f0d',
  chat_enabled: true,
  pusher_key: '0815d25ee2bae406d7d9',
  pusher_cluster: 'eu',
  pusher_app_id: '2086108'
}
2025-12-18T22:14:56.352Z [INFO]: GET /api/settings/public 
Fetching public settings...
Query result: [
  {
    demo_url: 'https://noahpro.es/crm/login',
    chat_title: 'Soporte NoahPro',
    chat_welcome_message: '¡Hola! ¿En qué podemos ayudarte hoy?',
    chat_primary_color: '#e74f0d',
    chat_enabled: true,
    pusher_key: '0815d25ee2bae406d7d9',
    pusher_cluster: 'eu',
    pusher_app_id: '2086108'
  }
]
Returning settings: {
  demo_url: 'https://noahpro.es/crm/login',
  chat_title: 'Soporte NoahPro',
  chat_welcome_message: '¡Hola! ¿En qué podemos ayudarte hoy?',
  chat_primary_color: '#e74f0d',
  chat_enabled: true,
  pusher_key: '0815d25ee2bae406d7d9',
  pusher_cluster: 'eu',
  pusher_app_id: '2086108'
}
2025-12-18T22:14:56.355Z [INFO]: GET /api/settings/public 
Fetching public settings...
Query result: [
  {
    demo_url: 'https://noahpro.es/crm/login',
    chat_title: 'Soporte NoahPro',
    chat_welcome_message: '¡Hola! ¿En qué podemos ayudarte hoy?',
    chat_primary_color: '#e74f0d',
    chat_enabled: true,
    pusher_key: '0815d25ee2bae406d7d9',
    pusher_cluster: 'eu',
    pusher_app_id: '2086108'
  }
]
Returning settings: {
  demo_url: 'https://noahpro.es/crm/login',
  chat_title: 'Soporte NoahPro',
  chat_welcome_message: '¡Hola! ¿En qué podemos ayudarte hoy?',
  chat_primary_color: '#e74f0d',
  chat_enabled: true,
  pusher_key: '0815d25ee2bae406d7d9',
  pusher_cluster: 'eu',
  pusher_app_id: '2086108'
}
2025-12-18T22:14:57.034Z [INFO]: GET /api/settings/public 
Fetching public settings...
Query result: [
  {
    demo_url: 'https://noahpro.es/crm/login',
    chat_title: 'Soporte NoahPro',
    chat_welcome_message: '¡Hola! ¿En qué podemos ayudarte hoy?',
    chat_primary_color: '#e74f0d',
    chat_enabled: true,
    pusher_key: '0815d25ee2bae406d7d9',
    pusher_cluster: 'eu',
    pusher_app_id: '2086108'
  }
]
Returning settings: {
  demo_url: 'https://noahpro.es/crm/login',
  chat_title: 'Soporte NoahPro',
  chat_welcome_message: '¡Hola! ¿En qué podemos ayudarte hoy?',
  chat_primary_color: '#e74f0d',
  chat_enabled: true,
  pusher_key: '0815d25ee2bae406d7d9',
  pusher_cluster: 'eu',
  pusher_app_id: '2086108'
}
2025-12-18T22:14:57.036Z [INFO]: GET /api/settings/public 
Fetching public settings...
Query result: [
  {
    demo_url: 'https://noahpro.es/crm/login',
    chat_title: 'Soporte NoahPro',
    chat_welcome_message: '¡Hola! ¿En qué podemos ayudarte hoy?',
    chat_primary_color: '#e74f0d',
    chat_enabled: true,
    pusher_key: '0815d25ee2bae406d7d9',
    pusher_cluster: 'eu',
    pusher_app_id: '2086108'
  }
]
Returning settings: {
  demo_url: 'https://noahpro.es/crm/login',
  chat_title: 'Soporte NoahPro',
  chat_welcome_message: '¡Hola! ¿En qué podemos ayudarte hoy?',
  chat_primary_color: '#e74f0d',
  chat_enabled: true,
  pusher_key: '0815d25ee2bae406d7d9',
  pusher_cluster: 'eu',
  pusher_app_id: '2086108'
}
2025-12-18T22:15:01.437Z [INFO]: POST /api/auth/login 
2025-12-18T22:15:01.677Z [INFO]: GET /api/settings/public 
Fetching public settings...
Query result: [
  {
    demo_url: 'https://noahpro.es/crm/login',
    chat_title: 'Soporte NoahPro',
    chat_welcome_message: '¡Hola! ¿En qué podemos ayudarte hoy?',
    chat_primary_color: '#e74f0d',
    chat_enabled: true,
    pusher_key: '0815d25ee2bae406d7d9',
    pusher_cluster: 'eu',
    pusher_app_id: '2086108'
  }
]
Returning settings: {
  demo_url: 'https://noahpro.es/crm/login',
  chat_title: 'Soporte NoahPro',
  chat_welcome_message: '¡Hola! ¿En qué podemos ayudarte hoy?',
  chat_primary_color: '#e74f0d',
  chat_enabled: true,
  pusher_key: '0815d25ee2bae406d7d9',
  pusher_cluster: 'eu',
  pusher_app_id: '2086108'
}
2025-12-18T22:15:01.687Z [INFO]: GET /api/settings/public 
Fetching public settings...
Query result: [
  {
    demo_url: 'https://noahpro.es/crm/login',
    chat_title: 'Soporte NoahPro',
    chat_welcome_message: '¡Hola! ¿En qué podemos ayudarte hoy?',
    chat_primary_color: '#e74f0d',
    chat_enabled: true,
    pusher_key: '0815d25ee2bae406d7d9',
    pusher_cluster: 'eu',
    pusher_app_id: '2086108'
  }
]
Returning settings: {
  demo_url: 'https://noahpro.es/crm/login',
  chat_title: 'Soporte NoahPro',
  chat_welcome_message: '¡Hola! ¿En qué podemos ayudarte hoy?',
  chat_primary_color: '#e74f0d',
  chat_enabled: true,
  pusher_key: '0815d25ee2bae406d7d9',
  pusher_cluster: 'eu',
  pusher_app_id: '2086108'
}
2025-12-18T22:15:01.706Z [INFO]: GET /api/notifications/unread-count 
2025-12-18T22:15:01.710Z [INFO]: GET /api/notifications 
2025-12-18T22:15:01.711Z [INFO]: GET /api/chat/conversations 
2025-12-18T22:15:01.723Z [INFO]: GET /api/calendar/events 
2025-12-18T22:15:01.726Z [INFO]: GET /api/leads 
2025-12-18T22:15:01.728Z [INFO]: GET /api/settings/lead-statuses 
2025-12-18T22:15:01.729Z [INFO]: GET /api/chat/conversations 
2025-12-18T22:15:01.733Z [INFO]: GET /api/tasks 
2025-12-18T22:15:01.735Z [INFO]: GET /api/notifications/unread-count 
2025-12-18T22:15:01.743Z [INFO]: GET /api/leads 
2025-12-18T22:15:01.760Z [INFO]: GET /api/notifications 
2025-12-18T22:15:01.760Z [INFO]: GET /api/leads 
2025-12-18T22:15:01.763Z [INFO]: GET /api/calendar/events 
2025-12-18T22:15:01.764Z [INFO]: GET /api/settings/lead-statuses 
2025-12-18T22:15:01.867Z [INFO]: GET /api/leads 
2025-12-18T22:15:01.868Z [INFO]: GET /api/tasks 
2025-12-18T22:15:07.859Z [INFO]: GET /api/hunter/access 
2025-12-18T22:15:07.859Z [INFO]: GET /api/hunter/stats 
2025-12-18T22:15:07.860Z [INFO]: GET /api/hunter/prospects 
2025-12-18T22:15:07.860Z [INFO]: GET /api/business-types 
2025-12-18T22:15:07.863Z [INFO]: GET /api/business-types 
2025-12-18T22:15:07.866Z [INFO]: GET /api/hunter/stats 
2025-12-18T22:15:07.867Z [INFO]: GET /api/hunter/prospects 
2025-12-18T22:15:07.871Z [INFO]: GET /api/hunter/access 
2025-12-18T22:15:29.111Z [INFO]: POST /api/hunter/search 
2025-12-18T22:15:32.559Z [INFO]: GET /api/hunter/prospects 
2025-12-18T22:15:32.560Z [INFO]: GET /api/hunter/access 
2025-12-18T22:15:32.560Z [INFO]: GET /api/hunter/stats 
2025-12-18T22:15:52.631Z [INFO]: POST /api/hunter/analyze/56 
2025-12-18T22:15:54.670Z [INFO]: GET /api/hunter/prospects 
2025-12-18T22:16:09.277Z [INFO]: POST /api/hunter/process/56 
Error procesando prospecto: error: insert or update on table "lead_tags" violates foreign key constraint "lead_tags_tag_id_fkey"
    at /Users/cex/Desktop/Crm App Tpv/backend/node_modules/pg/lib/client.js:545:17
    at process.processTicksAndRejections (node:internal/process/task_queues:105:5)
    at async LeadHunterService.processProspectToLead (/Users/cex/Desktop/Crm App Tpv/backend/services/leadHunterService.js:147:17)
    at async /Users/cex/Desktop/Crm App Tpv/backend/routes/leadHunter.js:167:24 {
  length: 254,
  severity: 'ERROR',
  code: '23503',
  detail: 'Key (tag_id)=(7) is not present in table "tags".',
  hint: undefined,
  position: undefined,
  internalPosition: undefined,
  internalQuery: undefined,
  where: undefined,
  schema: 'public',
  table: 'lead_tags',
  column: undefined,
  dataType: undefined,
  constraint: 'lead_tags_tag_id_fkey',
  file: 'ri_triggers.c',
  line: '2607',
  routine: 'ri_ReportViolation'
}
2025-12-18T22:16:21.658Z [INFO]: GET /api/leads 
2025-12-18T22:16:21.660Z [INFO]: GET /api/leads/stats 
2025-12-18T22:16:32.701Z [INFO]: GET /api/hunter/access 
2025-12-18T22:16:32.703Z [INFO]: GET /api/hunter/prospects 
2025-12-18T22:16:32.703Z [INFO]: GET /api/hunter/stats 
2025-12-18T22:16:32.705Z [INFO]: GET /api/business-types 
2025-12-18T22:16:32.708Z [INFO]: GET /api/hunter/prospects 
2025-12-18T22:16:32.713Z [INFO]: GET /api/business-types 
2025-12-18T22:16:32.714Z [INFO]: GET /api/hunter/access 
2025-12-18T22:16:32.717Z [INFO]: GET /api/hunter/stats 
2025-12-18T22:16:42.521Z [INFO]: GET /api/business-types 
Error de autenticación: JsonWebTokenError: jwt malformed
    at module.exports [as verify] (/Users/cex/Desktop/Crm App Tpv/backend/node_modules/jsonwebtoken/verify.js:70:17)
    at protect (/Users/cex/Desktop/Crm App Tpv/backend/middleware/authMiddleware.js:17:33)
    at Layer.handle [as handle_request] (/Users/cex/Desktop/Crm App Tpv/backend/node_modules/express/lib/router/layer.js:95:5)
    at trim_prefix (/Users/cex/Desktop/Crm App Tpv/backend/node_modules/express/lib/router/index.js:328:13)
    at /Users/cex/Desktop/Crm App Tpv/backend/node_modules/express/lib/router/index.js:286:9
    at Function.process_params (/Users/cex/Desktop/Crm App Tpv/backend/node_modules/express/lib/router/index.js:346:12)
    at next (/Users/cex/Desktop/Crm App Tpv/backend/node_modules/express/lib/router/index.js:280:10)
    at Function.handle (/Users/cex/Desktop/Crm App Tpv/backend/node_modules/express/lib/router/index.js:175:3)
    at router (/Users/cex/Desktop/Crm App Tpv/backend/node_modules/express/lib/router/index.js:47:12)
    at Layer.handle [as handle_request] (/Users/cex/Desktop/Crm App Tpv/backend/node_modules/express/lib/router/layer.js:95:5)
2025-12-18T22:16:42.523Z [INFO]: GET /api/business-types 
Error de autenticación: JsonWebTokenError: jwt malformed
    at module.exports [as verify] (/Users/cex/Desktop/Crm App Tpv/backend/node_modules/jsonwebtoken/verify.js:70:17)
    at protect (/Users/cex/Desktop/Crm App Tpv/backend/middleware/authMiddleware.js:17:33)
    at Layer.handle [as handle_request] (/Users/cex/Desktop/Crm App Tpv/backend/node_modules/express/lib/router/layer.js:95:5)
    at trim_prefix (/Users/cex/Desktop/Crm App Tpv/backend/node_modules/express/lib/router/index.js:328:13)
    at /Users/cex/Desktop/Crm App Tpv/backend/node_modules/express/lib/router/index.js:286:9
    at Function.process_params (/Users/cex/Desktop/Crm App Tpv/backend/node_modules/express/lib/router/index.js:346:12)
    at next (/Users/cex/Desktop/Crm App Tpv/backend/node_modules/express/lib/router/index.js:280:10)
    at Function.handle (/Users/cex/Desktop/Crm App Tpv/backend/node_modules/express/lib/router/index.js:175:3)
    at router (/Users/cex/Desktop/Crm App Tpv/backend/node_modules/express/lib/router/index.js:47:12)
    at Layer.handle [as handle_request] (/Users/cex/Desktop/Crm App Tpv/backend/node_modules/express/lib/router/layer.js:95:5)
2025-12-18T22:18:39.325Z [INFO]: GET /api/business-types 
2025-12-18T22:20:10.302Z [INFO]: GET /api/settings 
2025-12-18T22:20:10.312Z [INFO]: GET /api/settings 
2025-12-18T22:20:13.069Z [INFO]: GET /api/hunter/admin/users 
2025-12-18T22:20:13.071Z [INFO]: GET /api/hunter/admin/config 
2025-12-18T22:20:13.073Z [INFO]: GET /api/hunter/admin/stats 
2025-12-18T22:20:13.084Z [INFO]: GET /api/hunter/admin/users 
2025-12-18T22:20:13.087Z [INFO]: GET /api/hunter/admin/config 
2025-12-18T22:20:13.089Z [INFO]: GET /api/hunter/admin/stats 
2025-12-18T22:23:57.092Z [INFO]: GET /api/settings 
2025-12-18T22:23:57.109Z [INFO]: GET /api/settings 
2025-12-18T22:23:59.471Z [INFO]: GET /api/hunter/admin/config 
2025-12-18T22:23:59.473Z [INFO]: GET /api/hunter/admin/users 
2025-12-18T22:23:59.474Z [INFO]: GET /api/hunter/admin/stats 
2025-12-18T22:23:59.488Z [INFO]: GET /api/hunter/admin/config 
2025-12-18T22:23:59.491Z [INFO]: GET /api/hunter/admin/users 
2025-12-18T22:23:59.491Z [INFO]: GET /api/hunter/admin/stats 
2025-12-18T22:27:29.162Z [INFO]: PUT /api/hunter/admin/users/10 
2025-12-18T22:27:29.188Z [INFO]: GET /api/hunter/admin/users 
2025-12-18T22:27:29.374Z [INFO]: PUT /api/hunter/admin/users/10 
2025-12-18T22:27:29.384Z [INFO]: GET /api/hunter/admin/users 
2025-12-18T22:27:34.776Z [INFO]: GET /api/analytics/stats 
2025-12-18T22:27:34.777Z [INFO]: GET /api/analytics/funnel 
2025-12-18T22:27:34.781Z [INFO]: GET /api/leads/stats 
2025-12-18T22:27:34.789Z [INFO]: GET /api/analytics/stats 
2025-12-18T22:27:34.791Z [INFO]: GET /api/leads/stats 
2025-12-18T22:27:34.793Z [INFO]: GET /api/leads/stats 
2025-12-18T22:27:34.795Z [INFO]: GET /api/analytics/funnel 
2025-12-18T22:27:34.796Z [INFO]: GET /api/leads/stats 
2025-12-18T22:27:47.152Z [INFO]: GET /api/settings 
2025-12-18T22:27:47.158Z [INFO]: GET /api/settings 
2025-12-18T22:27:49.901Z [INFO]: GET /api/settings/public 
Fetching public settings...
Query result: [
  {
    demo_url: 'https://noahpro.es/crm/login',
    chat_title: 'Soporte NoahPro',
    chat_welcome_message: '¡Hola! ¿En qué podemos ayudarte hoy?',
    chat_primary_color: '#e74f0d',
    chat_enabled: true,
    pusher_key: '0815d25ee2bae406d7d9',
    pusher_cluster: 'eu',
    pusher_app_id: '2086108'
  }
]
Returning settings: {
  demo_url: 'https://noahpro.es/crm/login',
  chat_title: 'Soporte NoahPro',
  chat_welcome_message: '¡Hola! ¿En qué podemos ayudarte hoy?',
  chat_primary_color: '#e74f0d',
  chat_enabled: true,
  pusher_key: '0815d25ee2bae406d7d9',
  pusher_cluster: 'eu',
  pusher_app_id: '2086108'
}
2025-12-18T22:27:49.905Z [INFO]: GET /api/settings/public 
Fetching public settings...
Query result: [
  {
    demo_url: 'https://noahpro.es/crm/login',
    chat_title: 'Soporte NoahPro',
    chat_welcome_message: '¡Hola! ¿En qué podemos ayudarte hoy?',
    chat_primary_color: '#e74f0d',
    chat_enabled: true,
    pusher_key: '0815d25ee2bae406d7d9',
    pusher_cluster: 'eu',
    pusher_app_id: '2086108'
  }
]
Returning settings: {
  demo_url: 'https://noahpro.es/crm/login',
  chat_title: 'Soporte NoahPro',
  chat_welcome_message: '¡Hola! ¿En qué podemos ayudarte hoy?',
  chat_primary_color: '#e74f0d',
  chat_enabled: true,
  pusher_key: '0815d25ee2bae406d7d9',
  pusher_cluster: 'eu',
  pusher_app_id: '2086108'
}
2025-12-18T22:27:49.911Z [INFO]: GET /api/notifications 
2025-12-18T22:27:49.912Z [INFO]: GET /api/notifications/unread-count 
2025-12-18T22:27:49.916Z [INFO]: GET /api/calendar/events 
2025-12-18T22:27:49.916Z [INFO]: GET /api/chat/conversations 
2025-12-18T22:27:49.917Z [INFO]: GET /api/settings/lead-statuses 
2025-12-18T22:27:49.917Z [INFO]: GET /api/tasks 
2025-12-18T22:27:49.917Z [INFO]: GET /api/leads 
2025-12-18T22:27:49.936Z [INFO]: GET /api/chat/conversations 
2025-12-18T22:27:49.936Z [INFO]: GET /api/notifications/unread-count 
2025-12-18T22:27:49.936Z [INFO]: GET /api/notifications 
2025-12-18T22:27:49.954Z [INFO]: GET /api/tasks 
2025-12-18T22:27:49.966Z [INFO]: GET /api/calendar/events 
2025-12-18T22:27:49.981Z [INFO]: GET /api/settings/lead-statuses 
2025-12-18T22:27:49.982Z [INFO]: GET /api/leads 
2025-12-18T22:27:49.987Z [INFO]: GET /api/leads 
2025-12-18T22:27:49.988Z [INFO]: GET /api/leads 
2025-12-18T22:27:51.548Z [INFO]: GET /api/settings 
2025-12-18T22:27:51.552Z [INFO]: GET /api/settings 
2025-12-18T22:27:54.652Z [INFO]: GET /api/webhooks 
2025-12-18T22:27:54.659Z [INFO]: GET /api/webhooks 
2025-12-18T22:28:03.105Z [INFO]: GET /api/users 
Error fetching users: error: column "referral_code" does not exist
    at /Users/cex/Desktop/Crm App Tpv/backend/node_modules/pg-pool/index.js:45:11
    at process.processTicksAndRejections (node:internal/process/task_queues:105:5)
    at async getUsers (/Users/cex/Desktop/Crm App Tpv/backend/controllers/usersController.js:8:26) {
  length: 113,
  severity: 'ERROR',
  code: '42703',
  detail: undefined,
  hint: undefined,
  position: '58',
  internalPosition: undefined,
  internalQuery: undefined,
  where: undefined,
  schema: undefined,
  table: undefined,
  column: undefined,
  dataType: undefined,
  constraint: undefined,
  file: 'parse_relation.c',
  line: '3675',
  routine: 'errorMissingColumn'
}
2025-12-18T22:28:03.111Z [INFO]: GET /api/users 
Error fetching users: error: column "referral_code" does not exist
    at /Users/cex/Desktop/Crm App Tpv/backend/node_modules/pg-pool/index.js:45:11
    at process.processTicksAndRejections (node:internal/process/task_queues:105:5)
    at async getUsers (/Users/cex/Desktop/Crm App Tpv/backend/controllers/usersController.js:8:26) {
  length: 113,
  severity: 'ERROR',
  code: '42703',
  detail: undefined,
  hint: undefined,
  position: '58',
  internalPosition: undefined,
  internalQuery: undefined,
  where: undefined,
  schema: undefined,
  table: undefined,
  column: undefined,
  dataType: undefined,
  constraint: undefined,
  file: 'parse_relation.c',
  line: '3675',
  routine: 'errorMissingColumn'
}
2025-12-18T22:28:07.288Z [INFO]: GET /api/users 
Error fetching users: error: column "referral_code" does not exist
    at /Users/cex/Desktop/Crm App Tpv/backend/node_modules/pg-pool/index.js:45:11
    at process.processTicksAndRejections (node:internal/process/task_queues:105:5)
    at async getUsers (/Users/cex/Desktop/Crm App Tpv/backend/controllers/usersController.js:8:26) {
  length: 113,
  severity: 'ERROR',
  code: '42703',
  detail: undefined,
  hint: undefined,
  position: '58',
  internalPosition: undefined,
  internalQuery: undefined,
  where: undefined,
  schema: undefined,
  table: undefined,
  column: undefined,
  dataType: undefined,
  constraint: undefined,
  file: 'parse_relation.c',
  line: '3675',
  routine: 'errorMissingColumn'
}
2025-12-18T22:28:07.293Z [INFO]: GET /api/users 
Error fetching users: error: column "referral_code" does not exist
    at /Users/cex/Desktop/Crm App Tpv/backend/node_modules/pg-pool/index.js:45:11
    at process.processTicksAndRejections (node:internal/process/task_queues:105:5)
    at async getUsers (/Users/cex/Desktop/Crm App Tpv/backend/controllers/usersController.js:8:26) {
  length: 113,
  severity: 'ERROR',
  code: '42703',
  detail: undefined,
  hint: undefined,
  position: '58',
  internalPosition: undefined,
  internalQuery: undefined,
  where: undefined,
  schema: undefined,
  table: undefined,
  column: undefined,
  dataType: undefined,
  constraint: undefined,
  file: 'parse_relation.c',
  line: '3675',
  routine: 'errorMissingColumn'
}
2025-12-18T22:28:08.811Z [INFO]: GET /api/commercials 
2025-12-18T22:28:08.824Z [INFO]: GET /api/commercials 
2025-12-18T22:28:11.045Z [INFO]: GET /api/settings 
2025-12-18T22:28:11.049Z [INFO]: GET /api/settings 
2025-12-18T22:28:12.482Z [INFO]: GET /api/settings/lead-statuses 
2025-12-18T22:28:12.485Z [INFO]: GET /api/settings/lead-statuses 
2025-12-18T22:28:18.386Z [INFO]: GET /api/automation/stats 
2025-12-18T22:28:18.388Z [INFO]: GET /api/automation/logs 
2025-12-18T22:28:18.392Z [INFO]: GET /api/automation/logs 
2025-12-18T22:28:18.394Z [INFO]: GET /api/automation/stats 
2025-12-18T22:32:45.803Z [INFO]: GET /api/hunter/admin/config 
2025-12-18T22:32:45.807Z [INFO]: GET /api/hunter/admin/users 
2025-12-18T22:32:45.807Z [INFO]: GET /api/hunter/admin/stats 
2025-12-18T22:32:45.821Z [INFO]: GET /api/hunter/admin/config 
2025-12-18T22:32:45.823Z [INFO]: GET /api/hunter/admin/users 
2025-12-18T22:32:45.824Z [INFO]: GET /api/hunter/admin/stats 
2025-12-18T22:33:13.435Z [INFO]: GET /api/settings/public 
Fetching public settings...
Query result: [
  {
    demo_url: 'https://noahpro.es/crm/login',
    chat_title: 'Soporte NoahPro',
    chat_welcome_message: '¡Hola! ¿En qué podemos ayudarte hoy?',
    chat_primary_color: '#e74f0d',
    chat_enabled: true,
    pusher_key: '0815d25ee2bae406d7d9',
    pusher_cluster: 'eu',
    pusher_app_id: '2086108'
  }
]
Returning settings: {
  demo_url: 'https://noahpro.es/crm/login',
  chat_title: 'Soporte NoahPro',
  chat_welcome_message: '¡Hola! ¿En qué podemos ayudarte hoy?',
  chat_primary_color: '#e74f0d',
  chat_enabled: true,
  pusher_key: '0815d25ee2bae406d7d9',
  pusher_cluster: 'eu',
  pusher_app_id: '2086108'
}
2025-12-18T22:33:13.439Z [INFO]: GET /api/settings/public 
Fetching public settings...
Query result: [
  {
    demo_url: 'https://noahpro.es/crm/login',
    chat_title: 'Soporte NoahPro',
    chat_welcome_message: '¡Hola! ¿En qué podemos ayudarte hoy?',
    chat_primary_color: '#e74f0d',
    chat_enabled: true,
    pusher_key: '0815d25ee2bae406d7d9',
    pusher_cluster: 'eu',
    pusher_app_id: '2086108'
  }
]
Returning settings: {
  demo_url: 'https://noahpro.es/crm/login',
  chat_title: 'Soporte NoahPro',
  chat_welcome_message: '¡Hola! ¿En qué podemos ayudarte hoy?',
  chat_primary_color: '#e74f0d',
  chat_enabled: true,
  pusher_key: '0815d25ee2bae406d7d9',
  pusher_cluster: 'eu',
  pusher_app_id: '2086108'
}
2025-12-18T22:33:13.519Z [INFO]: GET /api/notifications 
2025-12-18T22:33:13.520Z [INFO]: GET /api/chat/conversations 
2025-12-18T22:33:13.520Z [INFO]: GET /api/notifications/unread-count 
2025-12-18T22:33:13.522Z [INFO]: GET /api/settings/lead-statuses 
2025-12-18T22:33:13.522Z [INFO]: GET /api/leads 
2025-12-18T22:33:13.522Z [INFO]: GET /api/chat/conversations 
2025-12-18T22:33:13.524Z [INFO]: GET /api/tasks 
2025-12-18T22:33:13.528Z [INFO]: GET /api/notifications 
2025-12-18T22:33:13.528Z [INFO]: GET /api/notifications/unread-count 
2025-12-18T22:33:13.531Z [INFO]: GET /api/calendar/events 
2025-12-18T22:33:13.538Z [INFO]: GET /api/settings/lead-statuses 
2025-12-18T22:33:13.559Z [INFO]: GET /api/calendar/events 
2025-12-18T22:33:13.569Z [INFO]: GET /api/tasks 
2025-12-18T22:33:13.576Z [INFO]: GET /api/leads 
2025-12-18T22:33:13.580Z [INFO]: GET /api/leads 
2025-12-18T22:33:13.582Z [INFO]: GET /api/leads 
2025-12-18T22:33:15.156Z [INFO]: GET /api/settings 
2025-12-18T22:33:15.159Z [INFO]: GET /api/settings 
2025-12-18T22:33:18.733Z [INFO]: GET /api/users 
Error fetching users: error: column "referral_code" does not exist
    at /Users/cex/Desktop/Crm App Tpv/backend/node_modules/pg-pool/index.js:45:11
    at process.processTicksAndRejections (node:internal/process/task_queues:105:5)
    at async getUsers (/Users/cex/Desktop/Crm App Tpv/backend/controllers/usersController.js:8:26) {
  length: 113,
  severity: 'ERROR',
  code: '42703',
  detail: undefined,
  hint: undefined,
  position: '58',
  internalPosition: undefined,
  internalQuery: undefined,
  where: undefined,
  schema: undefined,
  table: undefined,
  column: undefined,
  dataType: undefined,
  constraint: undefined,
  file: 'parse_relation.c',
  line: '3675',
  routine: 'errorMissingColumn'
}
2025-12-18T22:33:18.740Z [INFO]: GET /api/users 
Error fetching users: error: column "referral_code" does not exist
    at /Users/cex/Desktop/Crm App Tpv/backend/node_modules/pg-pool/index.js:45:11
    at process.processTicksAndRejections (node:internal/process/task_queues:105:5)
    at async getUsers (/Users/cex/Desktop/Crm App Tpv/backend/controllers/usersController.js:8:26) {
  length: 113,
  severity: 'ERROR',
  code: '42703',
  detail: undefined,
  hint: undefined,
  position: '58',
  internalPosition: undefined,
  internalQuery: undefined,
  where: undefined,
  schema: undefined,
  table: undefined,
  column: undefined,
  dataType: undefined,
  constraint: undefined,
  file: 'parse_relation.c',
  line: '3675',
  routine: 'errorMissingColumn'
}
2025-12-18T22:33:27.017Z [INFO]: GET /api/settings/lead-statuses 
2025-12-18T22:33:27.019Z [INFO]: GET /api/settings/lead-statuses 
2025-12-18T22:33:29.641Z [INFO]: GET /api/settings/public 
Fetching public settings...
Query result: [
  {
    demo_url: 'https://noahpro.es/crm/login',
    chat_title: 'Soporte NoahPro',
    chat_welcome_message: '¡Hola! ¿En qué podemos ayudarte hoy?',
    chat_primary_color: '#e74f0d',
    chat_enabled: true,
    pusher_key: '0815d25ee2bae406d7d9',
    pusher_cluster: 'eu',
    pusher_app_id: '2086108'
  }
]
Returning settings: {
  demo_url: 'https://noahpro.es/crm/login',
  chat_title: 'Soporte NoahPro',
  chat_welcome_message: '¡Hola! ¿En qué podemos ayudarte hoy?',
  chat_primary_color: '#e74f0d',
  chat_enabled: true,
  pusher_key: '0815d25ee2bae406d7d9',
  pusher_cluster: 'eu',
  pusher_app_id: '2086108'
}
2025-12-18T22:33:29.647Z [INFO]: GET /api/settings/public 
Fetching public settings...
Query result: [
  {
    demo_url: 'https://noahpro.es/crm/login',
    chat_title: 'Soporte NoahPro',
    chat_welcome_message: '¡Hola! ¿En qué podemos ayudarte hoy?',
    chat_primary_color: '#e74f0d',
    chat_enabled: true,
    pusher_key: '0815d25ee2bae406d7d9',
    pusher_cluster: 'eu',
    pusher_app_id: '2086108'
  }
]
Returning settings: {
  demo_url: 'https://noahpro.es/crm/login',
  chat_title: 'Soporte NoahPro',
  chat_welcome_message: '¡Hola! ¿En qué podemos ayudarte hoy?',
  chat_primary_color: '#e74f0d',
  chat_enabled: true,
  pusher_key: '0815d25ee2bae406d7d9',
  pusher_cluster: 'eu',
  pusher_app_id: '2086108'
}
2025-12-18T22:33:29.698Z [INFO]: GET /api/notifications/unread-count 
2025-12-18T22:33:29.698Z [INFO]: GET /api/notifications 
2025-12-18T22:33:29.699Z [INFO]: GET /api/leads 
2025-12-18T22:33:29.700Z [INFO]: GET /api/settings/lead-statuses 
2025-12-18T22:33:29.701Z [INFO]: GET /api/chat/conversations 
2025-12-18T22:33:29.702Z [INFO]: GET /api/notifications 
2025-12-18T22:33:29.703Z [INFO]: GET /api/notifications/unread-count 
2025-12-18T22:33:29.703Z [INFO]: GET /api/tasks 
2025-12-18T22:33:29.704Z [INFO]: GET /api/chat/conversations 
2025-12-18T22:33:29.707Z [INFO]: GET /api/leads 
2025-12-18T22:33:29.709Z [INFO]: GET /api/leads 
2025-12-18T22:33:29.710Z [INFO]: GET /api/calendar/events 
2025-12-18T22:33:29.712Z [INFO]: GET /api/settings/lead-statuses 
2025-12-18T22:33:29.713Z [INFO]: GET /api/tasks 
2025-12-18T22:33:29.713Z [INFO]: GET /api/leads 
2025-12-18T22:33:29.713Z [INFO]: GET /api/calendar/events 
2025-12-18T22:33:30.455Z [INFO]: GET /api/hunter/prospects 
2025-12-18T22:33:30.456Z [INFO]: GET /api/hunter/access 
2025-12-18T22:33:30.457Z [INFO]: GET /api/hunter/stats 
2025-12-18T22:33:30.458Z [INFO]: GET /api/business-types 
2025-12-18T22:33:30.458Z [INFO]: GET /api/hunter/history 
2025-12-18T22:33:30.463Z [INFO]: GET /api/business-types 
2025-12-18T22:33:30.464Z [INFO]: GET /api/hunter/stats 
2025-12-18T22:33:30.465Z [INFO]: GET /api/hunter/prospects 
2025-12-18T22:33:30.466Z [INFO]: GET /api/hunter/history 
2025-12-18T22:33:30.469Z [INFO]: GET /api/hunter/access 
2025-12-18T22:33:55.830Z [INFO]: GET /api/business-types 
Error de autenticación: JsonWebTokenError: invalid signature
    at /Users/cex/Desktop/Crm App Tpv/backend/node_modules/jsonwebtoken/verify.js:171:19
    at getSecret (/Users/cex/Desktop/Crm App Tpv/backend/node_modules/jsonwebtoken/verify.js:97:14)
    at module.exports [as verify] (/Users/cex/Desktop/Crm App Tpv/backend/node_modules/jsonwebtoken/verify.js:101:10)
    at protect (/Users/cex/Desktop/Crm App Tpv/backend/middleware/authMiddleware.js:17:33)
    at Layer.handle [as handle_request] (/Users/cex/Desktop/Crm App Tpv/backend/node_modules/express/lib/router/layer.js:95:5)
    at trim_prefix (/Users/cex/Desktop/Crm App Tpv/backend/node_modules/express/lib/router/index.js:328:13)
    at /Users/cex/Desktop/Crm App Tpv/backend/node_modules/express/lib/router/index.js:286:9
    at Function.process_params (/Users/cex/Desktop/Crm App Tpv/backend/node_modules/express/lib/router/index.js:346:12)
    at next (/Users/cex/Desktop/Crm App Tpv/backend/node_modules/express/lib/router/index.js:280:10)
    at Function.handle (/Users/cex/Desktop/Crm App Tpv/backend/node_modules/express/lib/router/index.js:175:3)
2025-12-18T22:33:55.832Z [INFO]: GET /api/business-types 
Error de autenticación: JsonWebTokenError: invalid signature
    at /Users/cex/Desktop/Crm App Tpv/backend/node_modules/jsonwebtoken/verify.js:171:19
    at getSecret (/Users/cex/Desktop/Crm App Tpv/backend/node_modules/jsonwebtoken/verify.js:97:14)
    at module.exports [as verify] (/Users/cex/Desktop/Crm App Tpv/backend/node_modules/jsonwebtoken/verify.js:101:10)
    at protect (/Users/cex/Desktop/Crm App Tpv/backend/middleware/authMiddleware.js:17:33)
    at Layer.handle [as handle_request] (/Users/cex/Desktop/Crm App Tpv/backend/node_modules/express/lib/router/layer.js:95:5)
    at trim_prefix (/Users/cex/Desktop/Crm App Tpv/backend/node_modules/express/lib/router/index.js:328:13)
    at /Users/cex/Desktop/Crm App Tpv/backend/node_modules/express/lib/router/index.js:286:9
    at Function.process_params (/Users/cex/Desktop/Crm App Tpv/backend/node_modules/express/lib/router/index.js:346:12)
    at next (/Users/cex/Desktop/Crm App Tpv/backend/node_modules/express/lib/router/index.js:280:10)
    at Function.handle (/Users/cex/Desktop/Crm App Tpv/backend/node_modules/express/lib/router/index.js:175:3)
2025-12-18T22:33:57.408Z [INFO]: GET /api/business-types 
2025-12-18T22:33:58.091Z [INFO]: GET /api/hunter/admin/users 
2025-12-18T22:33:58.092Z [INFO]: GET /api/hunter/admin/config 
2025-12-18T22:33:58.093Z [INFO]: GET /api/hunter/admin/stats 
2025-12-18T22:33:58.095Z [INFO]: GET /api/hunter/admin/users 
2025-12-18T22:33:58.097Z [INFO]: GET /api/hunter/admin/config 
2025-12-18T22:33:58.099Z [INFO]: GET /api/hunter/admin/stats 
2025-12-18T22:34:05.543Z [INFO]: GET /api/hunter/admin/users 
2025-12-18T22:34:05.547Z [INFO]: GET /api/hunter/admin/stats 
2025-12-18T22:34:05.552Z [INFO]: GET /api/hunter/admin/users 
2025-12-18T22:34:05.555Z [INFO]: GET /api/hunter/admin/config 
2025-12-18T22:34:05.565Z [INFO]: GET /api/hunter/admin/stats 
2025-12-18T22:34:05.568Z [INFO]: GET /api/hunter/admin/config 
2025-12-18T22:37:21.025Z [INFO]: GET /api/hunter/prospects 
2025-12-18T22:37:21.625Z [INFO]: GET /api/hunter/prospects 
2025-12-18T22:50:56.881Z [INFO]: GET /api/hunter/searches 
2025-12-18T22:50:56.883Z [WARN]: 404 Not Found: GET /api/hunter/searches 
2025-12-18T22:50:56.884Z [INFO]: GET /api/hunter/access 
2025-12-18T22:50:56.885Z [INFO]: GET /api/hunter/stats 
2025-12-18T22:50:56.886Z [INFO]: GET /api/business-types 
2025-12-18T22:50:56.887Z [INFO]: GET /api/hunter/searches 
2025-12-18T22:50:56.887Z [WARN]: 404 Not Found: GET /api/hunter/searches 
2025-12-18T22:50:56.896Z [INFO]: GET /api/business-types 
2025-12-18T22:50:56.897Z [INFO]: GET /api/hunter/stats 
2025-12-18T22:50:56.901Z [INFO]: GET /api/hunter/access 
2025-12-18T22:51:03.795Z [INFO]: GET /api/settings/public 
Fetching public settings...
Query result: [
  {
    demo_url: 'https://noahpro.es/crm/login',
    chat_title: 'Soporte NoahPro',
    chat_welcome_message: '¡Hola! ¿En qué podemos ayudarte hoy?',
    chat_primary_color: '#e74f0d',
    chat_enabled: true,
    pusher_key: '0815d25ee2bae406d7d9',
    pusher_cluster: 'eu',
    pusher_app_id: '2086108'
  }
]
Returning settings: {
  demo_url: 'https://noahpro.es/crm/login',
  chat_title: 'Soporte NoahPro',
  chat_welcome_message: '¡Hola! ¿En qué podemos ayudarte hoy?',
  chat_primary_color: '#e74f0d',
  chat_enabled: true,
  pusher_key: '0815d25ee2bae406d7d9',
  pusher_cluster: 'eu',
  pusher_app_id: '2086108'
}
2025-12-18T22:51:03.800Z [INFO]: GET /api/settings/public 
Fetching public settings...
Query result: [
  {
    demo_url: 'https://noahpro.es/crm/login',
    chat_title: 'Soporte NoahPro',
    chat_welcome_message: '¡Hola! ¿En qué podemos ayudarte hoy?',
    chat_primary_color: '#e74f0d',
    chat_enabled: true,
    pusher_key: '0815d25ee2bae406d7d9',
    pusher_cluster: 'eu',
    pusher_app_id: '2086108'
  }
]
Returning settings: {
  demo_url: 'https://noahpro.es/crm/login',
  chat_title: 'Soporte NoahPro',
  chat_welcome_message: '¡Hola! ¿En qué podemos ayudarte hoy?',
  chat_primary_color: '#e74f0d',
  chat_enabled: true,
  pusher_key: '0815d25ee2bae406d7d9',
  pusher_cluster: 'eu',
  pusher_app_id: '2086108'
}
2025-12-18T22:51:03.836Z [INFO]: GET /api/chat/conversations 
2025-12-18T22:51:03.838Z [INFO]: GET /api/leads 
2025-12-18T22:51:03.839Z [INFO]: GET /api/notifications 
2025-12-18T22:51:03.839Z [INFO]: GET /api/chat/conversations 
2025-12-18T22:51:03.840Z [INFO]: GET /api/tasks 
2025-12-18T22:51:03.840Z [INFO]: GET /api/notifications/unread-count 
2025-12-18T22:51:03.840Z [INFO]: GET /api/settings/lead-statuses 
2025-12-18T22:51:03.844Z [INFO]: GET /api/notifications 
2025-12-18T22:51:03.845Z [INFO]: GET /api/tasks 
2025-12-18T22:51:03.845Z [INFO]: GET /api/leads 
2025-12-18T22:51:03.848Z [INFO]: GET /api/notifications/unread-count 
2025-12-18T22:51:03.848Z [INFO]: GET /api/calendar/events 
2025-12-18T22:51:03.849Z [INFO]: GET /api/leads 
2025-12-18T22:51:03.851Z [INFO]: GET /api/leads 
2025-12-18T22:51:03.851Z [INFO]: GET /api/settings/lead-statuses 
2025-12-18T22:51:03.851Z [INFO]: GET /api/calendar/events 
2025-12-18T22:51:07.436Z [INFO]: GET /api/hunter/access 
2025-12-18T22:51:07.437Z [INFO]: GET /api/hunter/stats 
2025-12-18T22:51:07.438Z [INFO]: GET /api/business-types 
2025-12-18T22:51:07.438Z [INFO]: GET /api/hunter/searches 
2025-12-18T22:51:07.439Z [WARN]: 404 Not Found: GET /api/hunter/searches 
2025-12-18T22:51:07.443Z [INFO]: GET /api/hunter/stats 
2025-12-18T22:51:07.444Z [INFO]: GET /api/business-types 
2025-12-18T22:51:07.444Z [INFO]: GET /api/hunter/searches 
2025-12-18T22:51:07.445Z [WARN]: 404 Not Found: GET /api/hunter/searches 
2025-12-18T22:51:07.446Z [INFO]: GET /api/hunter/access 
2025-12-18T22:51:55.633Z [INFO]: GET /api/settings/public 
Fetching public settings...
2025-12-18T22:51:55.641Z [INFO]: GET /api/notifications/unread-count 
2025-12-18T22:51:55.643Z [INFO]: GET /api/notifications 
2025-12-18T22:51:55.645Z [INFO]: GET /api/leads 
2025-12-18T22:51:55.646Z [INFO]: GET /api/chat/conversations 
2025-12-18T22:51:55.648Z [INFO]: GET /api/tasks 
2025-12-18T22:51:55.649Z [INFO]: GET /api/settings/lead-statuses 
Query result: [
  {
    demo_url: 'https://noahpro.es/crm/login',
    chat_title: 'Soporte NoahPro',
    chat_welcome_message: '¡Hola! ¿En qué podemos ayudarte hoy?',
    chat_primary_color: '#e74f0d',
    chat_enabled: true,
    pusher_key: '0815d25ee2bae406d7d9',
    pusher_cluster: 'eu',
    pusher_app_id: '2086108'
  }
]
Returning settings: {
  demo_url: 'https://noahpro.es/crm/login',
  chat_title: 'Soporte NoahPro',
  chat_welcome_message: '¡Hola! ¿En qué podemos ayudarte hoy?',
  chat_primary_color: '#e74f0d',
  chat_enabled: true,
  pusher_key: '0815d25ee2bae406d7d9',
  pusher_cluster: 'eu',
  pusher_app_id: '2086108'
}
2025-12-18T22:51:55.667Z [INFO]: GET /api/chat/conversations 
2025-12-18T22:51:55.668Z [INFO]: GET /api/settings/public 
Fetching public settings...
Query result: [
  {
    demo_url: 'https://noahpro.es/crm/login',
    chat_title: 'Soporte NoahPro',
    chat_welcome_message: '¡Hola! ¿En qué podemos ayudarte hoy?',
    chat_primary_color: '#e74f0d',
    chat_enabled: true,
    pusher_key: '0815d25ee2bae406d7d9',
    pusher_cluster: 'eu',
    pusher_app_id: '2086108'
  }
]
Returning settings: {
  demo_url: 'https://noahpro.es/crm/login',
  chat_title: 'Soporte NoahPro',
  chat_welcome_message: '¡Hola! ¿En qué podemos ayudarte hoy?',
  chat_primary_color: '#e74f0d',
  chat_enabled: true,
  pusher_key: '0815d25ee2bae406d7d9',
  pusher_cluster: 'eu',
  pusher_app_id: '2086108'
}
2025-12-18T22:51:55.672Z [INFO]: GET /api/calendar/events 
2025-12-18T22:51:55.680Z [INFO]: GET /api/calendar/events 
2025-12-18T22:51:55.688Z [INFO]: GET /api/notifications/unread-count 
2025-12-18T22:51:55.690Z [INFO]: GET /api/notifications 
2025-12-18T22:51:55.690Z [INFO]: GET /api/tasks 
2025-12-18T22:51:55.691Z [INFO]: GET /api/leads 
2025-12-18T22:51:55.694Z [INFO]: GET /api/settings/lead-statuses 
2025-12-18T22:51:55.701Z [INFO]: GET /api/leads 
2025-12-18T22:51:55.704Z [INFO]: GET /api/leads 
2025-12-18T22:51:59.884Z [INFO]: GET /api/hunter/access 
2025-12-18T22:51:59.886Z [INFO]: GET /api/hunter/searches 
2025-12-18T22:51:59.886Z [WARN]: 404 Not Found: GET /api/hunter/searches 
2025-12-18T22:51:59.889Z [INFO]: GET /api/hunter/searches 
2025-12-18T22:51:59.889Z [WARN]: 404 Not Found: GET /api/hunter/searches 
2025-12-18T22:51:59.892Z [INFO]: GET /api/hunter/stats 
2025-12-18T22:51:59.892Z [INFO]: GET /api/business-types 
2025-12-18T22:51:59.915Z [INFO]: GET /api/business-types 
2025-12-18T22:51:59.945Z [INFO]: GET /api/hunter/access 
2025-12-18T22:51:59.946Z [INFO]: GET /api/hunter/stats 
2025-12-18T22:52:07.778Z [INFO]: GET /api/settings/public 
Fetching public settings...
Query result: [
  {
    demo_url: 'https://noahpro.es/crm/login',
    chat_title: 'Soporte NoahPro',
    chat_welcome_message: '¡Hola! ¿En qué podemos ayudarte hoy?',
    chat_primary_color: '#e74f0d',
    chat_enabled: true,
    pusher_key: '0815d25ee2bae406d7d9',
    pusher_cluster: 'eu',
    pusher_app_id: '2086108'
  }
]
Returning settings: {
  demo_url: 'https://noahpro.es/crm/login',
  chat_title: 'Soporte NoahPro',
  chat_welcome_message: '¡Hola! ¿En qué podemos ayudarte hoy?',
  chat_primary_color: '#e74f0d',
  chat_enabled: true,
  pusher_key: '0815d25ee2bae406d7d9',
  pusher_cluster: 'eu',
  pusher_app_id: '2086108'
}
2025-12-18T22:52:07.787Z [INFO]: GET /api/settings/public 
Fetching public settings...
Query result: [
  {
    demo_url: 'https://noahpro.es/crm/login',
    chat_title: 'Soporte NoahPro',
    chat_welcome_message: '¡Hola! ¿En qué podemos ayudarte hoy?',
    chat_primary_color: '#e74f0d',
    chat_enabled: true,
    pusher_key: '0815d25ee2bae406d7d9',
    pusher_cluster: 'eu',
    pusher_app_id: '2086108'
  }
]
Returning settings: {
  demo_url: 'https://noahpro.es/crm/login',
  chat_title: 'Soporte NoahPro',
  chat_welcome_message: '¡Hola! ¿En qué podemos ayudarte hoy?',
  chat_primary_color: '#e74f0d',
  chat_enabled: true,
  pusher_key: '0815d25ee2bae406d7d9',
  pusher_cluster: 'eu',
  pusher_app_id: '2086108'
}
2025-12-18T22:52:07.841Z [INFO]: GET /api/chat/conversations 
2025-12-18T22:52:07.842Z [INFO]: GET /api/notifications 
2025-12-18T22:52:07.843Z [INFO]: GET /api/leads 
2025-12-18T22:52:07.843Z [INFO]: GET /api/notifications/unread-count 
2025-12-18T22:52:07.844Z [INFO]: GET /api/tasks 
2025-12-18T22:52:07.846Z [INFO]: GET /api/chat/conversations 
2025-12-18T22:52:07.847Z [INFO]: GET /api/settings/lead-statuses 
2025-12-18T22:52:07.848Z [INFO]: GET /api/notifications 
2025-12-18T22:52:07.849Z [INFO]: GET /api/leads 
2025-12-18T22:52:07.850Z [INFO]: GET /api/notifications/unread-count 
2025-12-18T22:52:07.850Z [INFO]: GET /api/tasks 
2025-12-18T22:52:07.853Z [INFO]: GET /api/settings/lead-statuses 
2025-12-18T22:52:07.854Z [INFO]: GET /api/leads 
2025-12-18T22:52:07.854Z [INFO]: GET /api/calendar/events 
2025-12-18T22:52:07.856Z [INFO]: GET /api/leads 
2025-12-18T22:52:07.856Z [INFO]: GET /api/calendar/events 
2025-12-18T22:53:14.444Z [INFO]: GET /api/hunter/searches 
2025-12-18T22:53:14.447Z [WARN]: 404 Not Found: GET /api/hunter/searches 
2025-12-18T22:53:14.450Z [INFO]: GET /api/hunter/access 
2025-12-18T22:53:14.452Z [INFO]: GET /api/hunter/stats 
2025-12-18T22:53:14.454Z [INFO]: GET /api/business-types 
2025-12-18T22:53:14.456Z [INFO]: GET /api/hunter/searches 
2025-12-18T22:53:14.457Z [WARN]: 404 Not Found: GET /api/hunter/searches 
2025-12-18T22:53:14.478Z [INFO]: GET /api/business-types 
2025-12-18T22:53:14.483Z [INFO]: GET /api/hunter/stats 
2025-12-18T22:53:14.487Z [INFO]: GET /api/hunter/access 
2025-12-18T22:53:35.267Z [INFO]: GET /api/settings/public 
Fetching public settings...
2025-12-18T22:53:35.271Z [INFO]: GET /api/notifications 
2025-12-18T22:53:35.273Z [INFO]: GET /api/notifications/unread-count 
2025-12-18T22:53:35.277Z [INFO]: GET /api/chat/conversations 
2025-12-18T22:53:35.280Z [INFO]: GET /api/leads 
2025-12-18T22:53:35.281Z [INFO]: GET /api/tasks 
Query result: [
  {
    demo_url: 'https://noahpro.es/crm/login',
    chat_title: 'Soporte NoahPro',
    chat_welcome_message: '¡Hola! ¿En qué podemos ayudarte hoy?',
    chat_primary_color: '#e74f0d',
    chat_enabled: true,
    pusher_key: '0815d25ee2bae406d7d9',
    pusher_cluster: 'eu',
    pusher_app_id: '2086108'
  }
]
Returning settings: {
  demo_url: 'https://noahpro.es/crm/login',
  chat_title: 'Soporte NoahPro',
  chat_welcome_message: '¡Hola! ¿En qué podemos ayudarte hoy?',
  chat_primary_color: '#e74f0d',
  chat_enabled: true,
  pusher_key: '0815d25ee2bae406d7d9',
  pusher_cluster: 'eu',
  pusher_app_id: '2086108'
}
2025-12-18T22:53:35.288Z [INFO]: GET /api/settings/lead-statuses 
2025-12-18T22:53:35.289Z [INFO]: GET /api/chat/conversations 
2025-12-18T22:53:35.291Z [INFO]: GET /api/settings/public 
Fetching public settings...
2025-12-18T22:53:35.297Z [INFO]: GET /api/notifications 
2025-12-18T22:53:35.299Z [INFO]: GET /api/notifications/unread-count 
Query result: [
  {
    demo_url: 'https://noahpro.es/crm/login',
    chat_title: 'Soporte NoahPro',
    chat_welcome_message: '¡Hola! ¿En qué podemos ayudarte hoy?',
    chat_primary_color: '#e74f0d',
    chat_enabled: true,
    pusher_key: '0815d25ee2bae406d7d9',
    pusher_cluster: 'eu',
    pusher_app_id: '2086108'
  }
]
Returning settings: {
  demo_url: 'https://noahpro.es/crm/login',
  chat_title: 'Soporte NoahPro',
  chat_welcome_message: '¡Hola! ¿En qué podemos ayudarte hoy?',
  chat_primary_color: '#e74f0d',
  chat_enabled: true,
  pusher_key: '0815d25ee2bae406d7d9',
  pusher_cluster: 'eu',
  pusher_app_id: '2086108'
}
2025-12-18T22:53:35.309Z [INFO]: GET /api/calendar/events 
2025-12-18T22:53:35.311Z [INFO]: GET /api/settings/lead-statuses 
2025-12-18T22:53:35.317Z [INFO]: GET /api/calendar/events 
2025-12-18T22:53:35.318Z [INFO]: GET /api/tasks 
2025-12-18T22:53:35.320Z [INFO]: GET /api/leads 
2025-12-18T22:53:35.328Z [INFO]: GET /api/leads 
2025-12-18T22:53:35.333Z [INFO]: GET /api/leads 
2025-12-18T22:54:19.111Z [INFO]: GET /api/settings 
2025-12-18T22:54:19.122Z [INFO]: GET /api/settings 
2025-12-18T22:54:21.027Z [INFO]: GET /api/hunter/admin/config 
2025-12-18T22:54:21.028Z [INFO]: GET /api/hunter/admin/users 
2025-12-18T22:54:21.029Z [INFO]: GET /api/hunter/admin/stats 
2025-12-18T22:54:21.031Z [INFO]: GET /api/hunter/admin/config 
2025-12-18T22:54:21.038Z [INFO]: GET /api/hunter/admin/stats 
2025-12-18T22:54:21.039Z [INFO]: GET /api/hunter/admin/users 
2025-12-18T22:56:51.902Z [INFO]: GET /api/settings/public 
Fetching public settings...
Query result: [
  {
    demo_url: 'https://noahpro.es/crm/login',
    chat_title: 'Soporte NoahPro',
    chat_welcome_message: '¡Hola! ¿En qué podemos ayudarte hoy?',
    chat_primary_color: '#e74f0d',
    chat_enabled: true,
    pusher_key: '0815d25ee2bae406d7d9',
    pusher_cluster: 'eu',
    pusher_app_id: '2086108'
  }
]
Returning settings: {
  demo_url: 'https://noahpro.es/crm/login',
  chat_title: 'Soporte NoahPro',
  chat_welcome_message: '¡Hola! ¿En qué podemos ayudarte hoy?',
  chat_primary_color: '#e74f0d',
  chat_enabled: true,
  pusher_key: '0815d25ee2bae406d7d9',
  pusher_cluster: 'eu',
  pusher_app_id: '2086108'
}
2025-12-18T22:56:51.913Z [INFO]: GET /api/settings/public 
Fetching public settings...
Query result: [
  {
    demo_url: 'https://noahpro.es/crm/login',
    chat_title: 'Soporte NoahPro',
    chat_welcome_message: '¡Hola! ¿En qué podemos ayudarte hoy?',
    chat_primary_color: '#e74f0d',
    chat_enabled: true,
    pusher_key: '0815d25ee2bae406d7d9',
    pusher_cluster: 'eu',
    pusher_app_id: '2086108'
  }
]
Returning settings: {
  demo_url: 'https://noahpro.es/crm/login',
  chat_title: 'Soporte NoahPro',
  chat_welcome_message: '¡Hola! ¿En qué podemos ayudarte hoy?',
  chat_primary_color: '#e74f0d',
  chat_enabled: true,
  pusher_key: '0815d25ee2bae406d7d9',
  pusher_cluster: 'eu',
  pusher_app_id: '2086108'
}
2025-12-18T22:56:51.966Z [INFO]: GET /api/notifications 
2025-12-18T22:56:51.968Z [INFO]: GET /api/notifications/unread-count 
2025-12-18T22:56:51.968Z [INFO]: GET /api/chat/conversations 
2025-12-18T22:56:51.971Z [INFO]: GET /api/leads 
2025-12-18T22:56:51.971Z [INFO]: GET /api/chat/conversations 
2025-12-18T22:56:51.972Z [INFO]: GET /api/tasks 
2025-12-18T22:56:51.973Z [INFO]: GET /api/settings/lead-statuses 
2025-12-18T22:56:51.974Z [INFO]: GET /api/notifications 
2025-12-18T22:56:51.978Z [INFO]: GET /api/settings/lead-statuses 
2025-12-18T22:56:51.980Z [INFO]: GET /api/notifications/unread-count 
2025-12-18T22:56:51.981Z [INFO]: GET /api/calendar/events 
2025-12-18T22:56:51.984Z [INFO]: GET /api/calendar/events 
2025-12-18T22:56:51.985Z [INFO]: GET /api/tasks 
2025-12-18T22:56:51.987Z [INFO]: GET /api/leads 
2025-12-18T22:56:51.988Z [INFO]: GET /api/leads 
2025-12-18T22:56:51.989Z [INFO]: GET /api/leads 
2025-12-18T22:57:14.539Z [INFO]: GET /api/settings 
2025-12-18T22:57:14.549Z [INFO]: GET /api/settings 
2025-12-18T22:57:17.204Z [INFO]: GET /api/hunter/admin/users 
2025-12-18T22:57:17.205Z [INFO]: GET /api/hunter/admin/config 
2025-12-18T22:57:17.205Z [INFO]: GET /api/hunter/admin/stats 
2025-12-18T22:57:17.210Z [INFO]: GET /api/hunter/admin/config 
2025-12-18T22:57:17.210Z [INFO]: GET /api/hunter/admin/users 
2025-12-18T22:57:17.213Z [INFO]: GET /api/hunter/admin/stats 
2025-12-18T22:58:20.771Z [INFO]: GET /api/hunter/searches 
2025-12-18T22:58:20.771Z [WARN]: 404 Not Found: GET /api/hunter/searches 
2025-12-18T22:58:20.772Z [INFO]: GET /api/hunter/access 
2025-12-18T22:58:20.773Z [INFO]: GET /api/business-types 
2025-12-18T22:58:20.774Z [INFO]: GET /api/hunter/stats 
2025-12-18T22:58:20.775Z [INFO]: GET /api/hunter/searches 
2025-12-18T22:58:20.775Z [WARN]: 404 Not Found: GET /api/hunter/searches 
2025-12-18T22:58:20.785Z [INFO]: GET /api/business-types 
2025-12-18T22:58:20.787Z [INFO]: GET /api/hunter/stats 
2025-12-18T22:58:20.791Z [INFO]: GET /api/hunter/access 
2025-12-18T22:58:27.608Z [INFO]: GET /api/settings/public 
Fetching public settings...
Query result: [
  {
    demo_url: 'https://noahpro.es/crm/login',
    chat_title: 'Soporte NoahPro',
    chat_welcome_message: '¡Hola! ¿En qué podemos ayudarte hoy?',
    chat_primary_color: '#e74f0d',
    chat_enabled: true,
    pusher_key: '0815d25ee2bae406d7d9',
    pusher_cluster: 'eu',
    pusher_app_id: '2086108'
  }
]
Returning settings: {
  demo_url: 'https://noahpro.es/crm/login',
  chat_title: 'Soporte NoahPro',
  chat_welcome_message: '¡Hola! ¿En qué podemos ayudarte hoy?',
  chat_primary_color: '#e74f0d',
  chat_enabled: true,
  pusher_key: '0815d25ee2bae406d7d9',
  pusher_cluster: 'eu',
  pusher_app_id: '2086108'
}
2025-12-18T22:58:27.612Z [INFO]: GET /api/settings/public 
Fetching public settings...
Query result: [
  {
    demo_url: 'https://noahpro.es/crm/login',
    chat_title: 'Soporte NoahPro',
    chat_welcome_message: '¡Hola! ¿En qué podemos ayudarte hoy?',
    chat_primary_color: '#e74f0d',
    chat_enabled: true,
    pusher_key: '0815d25ee2bae406d7d9',
    pusher_cluster: 'eu',
    pusher_app_id: '2086108'
  }
]
Returning settings: {
  demo_url: 'https://noahpro.es/crm/login',
  chat_title: 'Soporte NoahPro',
  chat_welcome_message: '¡Hola! ¿En qué podemos ayudarte hoy?',
  chat_primary_color: '#e74f0d',
  chat_enabled: true,
  pusher_key: '0815d25ee2bae406d7d9',
  pusher_cluster: 'eu',
  pusher_app_id: '2086108'
}
2025-12-18T22:58:27.686Z [INFO]: GET /api/notifications 
2025-12-18T22:58:27.687Z [INFO]: GET /api/notifications/unread-count 
2025-12-18T22:58:27.688Z [INFO]: GET /api/leads 
2025-12-18T22:58:27.688Z [INFO]: GET /api/chat/conversations 
2025-12-18T22:58:27.690Z [INFO]: GET /api/settings/lead-statuses 
2025-12-18T22:58:27.691Z [INFO]: GET /api/tasks 
2025-12-18T22:58:27.693Z [INFO]: GET /api/chat/conversations 
2025-12-18T22:58:27.694Z [INFO]: GET /api/notifications 
2025-12-18T22:58:27.694Z [INFO]: GET /api/notifications/unread-count 
2025-12-18T22:58:27.699Z [INFO]: GET /api/calendar/events 
2025-12-18T22:58:27.700Z [INFO]: GET /api/leads 
2025-12-18T22:58:27.702Z [INFO]: GET /api/tasks 
2025-12-18T22:58:27.703Z [INFO]: GET /api/settings/lead-statuses 
2025-12-18T22:58:27.703Z [INFO]: GET /api/calendar/events 
2025-12-18T22:58:27.705Z [INFO]: GET /api/leads 
2025-12-18T22:58:27.710Z [INFO]: GET /api/leads 
2025-12-18T22:58:28.874Z [INFO]: GET /api/hunter/searches 
2025-12-18T22:58:28.874Z [WARN]: 404 Not Found: GET /api/hunter/searches 
2025-12-18T22:58:28.875Z [INFO]: GET /api/hunter/access 
2025-12-18T22:58:28.876Z [INFO]: GET /api/hunter/stats 
2025-12-18T22:58:28.876Z [INFO]: GET /api/business-types 
2025-12-18T22:58:28.877Z [INFO]: GET /api/hunter/searches 
2025-12-18T22:58:28.878Z [WARN]: 404 Not Found: GET /api/hunter/searches 
2025-12-18T22:58:28.880Z [INFO]: GET /api/business-types 
2025-12-18T22:58:28.882Z [INFO]: GET /api/hunter/stats 
2025-12-18T22:58:28.883Z [INFO]: GET /api/hunter/access 
2025-12-18T22:59:01.443Z [INFO]: GET /api/settings/public 
Fetching public settings...
2025-12-18T22:59:01.467Z [INFO]: GET /api/notifications 
2025-12-18T22:59:01.470Z [INFO]: GET /api/notifications/unread-count 
2025-12-18T22:59:01.471Z [INFO]: GET /api/chat/conversations 
2025-12-18T22:59:01.474Z [INFO]: GET /api/leads 
2025-12-18T22:59:01.480Z [INFO]: GET /api/settings/lead-statuses 
2025-12-18T22:59:01.482Z [INFO]: GET /api/tasks 
Query result: [
  {
    demo_url: 'https://noahpro.es/crm/login',
    chat_title: 'Soporte NoahPro',
    chat_welcome_message: '¡Hola! ¿En qué podemos ayudarte hoy?',
    chat_primary_color: '#e74f0d',
    chat_enabled: true,
    pusher_key: '0815d25ee2bae406d7d9',
    pusher_cluster: 'eu',
    pusher_app_id: '2086108'
  }
]
Returning settings: {
  demo_url: 'https://noahpro.es/crm/login',
  chat_title: 'Soporte NoahPro',
  chat_welcome_message: '¡Hola! ¿En qué podemos ayudarte hoy?',
  chat_primary_color: '#e74f0d',
  chat_enabled: true,
  pusher_key: '0815d25ee2bae406d7d9',
  pusher_cluster: 'eu',
  pusher_app_id: '2086108'
}
2025-12-18T22:59:01.493Z [INFO]: GET /api/chat/conversations 
2025-12-18T22:59:01.496Z [INFO]: GET /api/calendar/events 
2025-12-18T22:59:01.501Z [INFO]: GET /api/settings/public 
Fetching public settings...
2025-12-18T22:59:01.502Z [INFO]: GET /api/notifications 
Query result: [
  {
    demo_url: 'https://noahpro.es/crm/login',
    chat_title: 'Soporte NoahPro',
    chat_welcome_message: '¡Hola! ¿En qué podemos ayudarte hoy?',
    chat_primary_color: '#e74f0d',
    chat_enabled: true,
    pusher_key: '0815d25ee2bae406d7d9',
    pusher_cluster: 'eu',
    pusher_app_id: '2086108'
  }
]
Returning settings: {
  demo_url: 'https://noahpro.es/crm/login',
  chat_title: 'Soporte NoahPro',
  chat_welcome_message: '¡Hola! ¿En qué podemos ayudarte hoy?',
  chat_primary_color: '#e74f0d',
  chat_enabled: true,
  pusher_key: '0815d25ee2bae406d7d9',
  pusher_cluster: 'eu',
  pusher_app_id: '2086108'
}
2025-12-18T22:59:01.504Z [INFO]: GET /api/notifications/unread-count 
2025-12-18T22:59:01.505Z [INFO]: GET /api/calendar/events 
2025-12-18T22:59:01.531Z [INFO]: GET /api/settings/lead-statuses 
2025-12-18T22:59:01.534Z [INFO]: GET /api/tasks 
2025-12-18T22:59:01.549Z [INFO]: GET /api/leads 
2025-12-18T22:59:01.569Z [INFO]: GET /api/leads 
2025-12-18T22:59:01.575Z [INFO]: GET /api/leads 
2025-12-18T22:59:14.770Z [INFO]: GET /api/settings 
2025-12-18T22:59:14.773Z [INFO]: GET /api/settings 
2025-12-18T22:59:17.797Z [INFO]: GET /api/hunter/admin/config 
2025-12-18T22:59:17.798Z [INFO]: GET /api/hunter/admin/users 
2025-12-18T22:59:17.798Z [INFO]: GET /api/hunter/admin/stats 
2025-12-18T22:59:17.800Z [INFO]: GET /api/hunter/admin/config 
2025-12-18T22:59:17.803Z [INFO]: GET /api/hunter/admin/users 
2025-12-18T22:59:17.805Z [INFO]: GET /api/hunter/admin/stats 
2025-12-18T22:59:36.363Z [INFO]: GET /api/settings/public 
Fetching public settings...
Query result: [
  {
    demo_url: 'https://noahpro.es/crm/login',
    chat_title: 'Soporte NoahPro',
    chat_welcome_message: '¡Hola! ¿En qué podemos ayudarte hoy?',
    chat_primary_color: '#e74f0d',
    chat_enabled: true,
    pusher_key: '0815d25ee2bae406d7d9',
    pusher_cluster: 'eu',
    pusher_app_id: '2086108'
  }
]
Returning settings: {
  demo_url: 'https://noahpro.es/crm/login',
  chat_title: 'Soporte NoahPro',
  chat_welcome_message: '¡Hola! ¿En qué podemos ayudarte hoy?',
  chat_primary_color: '#e74f0d',
  chat_enabled: true,
  pusher_key: '0815d25ee2bae406d7d9',
  pusher_cluster: 'eu',
  pusher_app_id: '2086108'
}
2025-12-18T22:59:36.368Z [INFO]: GET /api/settings/public 
Fetching public settings...
Query result: [
  {
    demo_url: 'https://noahpro.es/crm/login',
    chat_title: 'Soporte NoahPro',
    chat_welcome_message: '¡Hola! ¿En qué podemos ayudarte hoy?',
    chat_primary_color: '#e74f0d',
    chat_enabled: true,
    pusher_key: '0815d25ee2bae406d7d9',
    pusher_cluster: 'eu',
    pusher_app_id: '2086108'
  }
]
Returning settings: {
  demo_url: 'https://noahpro.es/crm/login',
  chat_title: 'Soporte NoahPro',
  chat_welcome_message: '¡Hola! ¿En qué podemos ayudarte hoy?',
  chat_primary_color: '#e74f0d',
  chat_enabled: true,
  pusher_key: '0815d25ee2bae406d7d9',
  pusher_cluster: 'eu',
  pusher_app_id: '2086108'
}
2025-12-18T22:59:36.421Z [INFO]: GET /api/notifications 
2025-12-18T22:59:36.422Z [INFO]: GET /api/chat/conversations 
2025-12-18T22:59:36.423Z [INFO]: GET /api/notifications/unread-count 
2025-12-18T22:59:36.423Z [INFO]: GET /api/tasks 
2025-12-18T22:59:36.423Z [INFO]: GET /api/chat/conversations 
2025-12-18T22:59:36.424Z [INFO]: GET /api/leads 
2025-12-18T22:59:36.425Z [INFO]: GET /api/settings/lead-statuses 
2025-12-18T22:59:36.426Z [INFO]: GET /api/notifications 
2025-12-18T22:59:36.427Z [INFO]: GET /api/tasks 
2025-12-18T22:59:36.427Z [INFO]: GET /api/notifications/unread-count 
2025-12-18T22:59:36.434Z [INFO]: GET /api/calendar/events 
2025-12-18T22:59:36.437Z [INFO]: GET /api/calendar/events 
2025-12-18T22:59:36.437Z [INFO]: GET /api/settings/lead-statuses 
2025-12-18T22:59:36.439Z [INFO]: GET /api/leads 
2025-12-18T22:59:36.440Z [INFO]: GET /api/leads 
2025-12-18T22:59:36.442Z [INFO]: GET /api/leads 
2025-12-18T22:59:37.503Z [INFO]: GET /api/hunter/searches 
2025-12-18T22:59:37.504Z [WARN]: 404 Not Found: GET /api/hunter/searches 
2025-12-18T22:59:37.504Z [INFO]: GET /api/hunter/access 
2025-12-18T22:59:37.505Z [INFO]: GET /api/business-types 
2025-12-18T22:59:37.505Z [INFO]: GET /api/hunter/stats 
2025-12-18T22:59:37.506Z [INFO]: GET /api/hunter/searches 
2025-12-18T22:59:37.507Z [WARN]: 404 Not Found: GET /api/hunter/searches 
2025-12-18T22:59:37.510Z [INFO]: GET /api/business-types 
2025-12-18T22:59:37.513Z [INFO]: GET /api/hunter/stats 
2025-12-18T22:59:37.519Z [INFO]: GET /api/hunter/access 
